#
# There is insufficient memory for the Java Runtime Environment to continue.
# Native memory allocation (mmap) failed to map 1753088 bytes for G1 virtual space
# Possible reasons:
#   The system is out of physical RAM or swap space
#   The process is running with CompressedOops enabled, and the Java Heap may be blocking the growth of the native heap
# Possible solutions:
#   Reduce memory load on the system
#   Increase physical memory or swap space
#   Check if swap backing store is full
#   Decrease Java heap size (-Xmx/-Xms)
#   Decrease number of Java threads
#   Decrease Java thread stack sizes (-Xss)
#   Set larger code cache with -XX:ReservedCodeCacheSize=
#   JVM is running with Unscaled Compressed Oops mode in which the Java heap is
#     placed in the first 4GB address space. The Java Heap base address is the
#     maximum limit for the native heap growth. Please use -XX:HeapBaseMinAddress
#     to set the Java Heap base and to place the Java Heap above 4GB virtual address.
# This output file may be truncated or incomplete.
#
#  Out of Memory Error (os_windows.cpp:3771), pid=1772, tid=4200
#
# JRE version: OpenJDK Runtime Environment (17.0.7) (build 17.0.7+0-b2043.56-10550314)
# Java VM: OpenJDK 64-Bit Server VM (17.0.7+0-b2043.56-10550314, mixed mode, tiered, compressed oops, compressed class ptrs, g1 gc, windows-amd64)
# No core dump will be written. Minidumps are not enabled by default on client versions of Windows
#

---------------  S U M M A R Y ------------

Command Line: --add-opens=java.base/java.util=ALL-UNNAMED --add-opens=java.base/java.lang=ALL-UNNAMED --add-opens=java.base/java.lang.invoke=ALL-UNNAMED --add-opens=java.prefs/java.util.prefs=ALL-UNNAMED --add-opens=java.base/java.nio.charset=ALL-UNNAMED --add-opens=java.base/java.net=ALL-UNNAMED --add-opens=java.base/java.util.concurrent.atomic=ALL-UNNAMED -Xmx2048m -Dfile.encoding=UTF-8 -Duser.country=US -Duser.language=en -Duser.variant -javaagent:C:\Users\christopher paulemon\.gradle\wrapper\dists\gradle-8.2-bin\bbg7u40eoinfdyxsxr3z4i7ta\gradle-8.2\lib\agents\gradle-instrumentation-agent-8.2.jar org.gradle.launcher.daemon.bootstrap.GradleDaemon 8.2

Host: Intel(R) Core(TM) i5-8265U CPU @ 1.60GHz, 8 cores, 3G,  Windows 10 , 64 bit Build 19041 (10.0.19041.3636)
Time: Sat Mar 16 11:02:39 2024 Haiti Daylight Time elapsed time: 214.331955 seconds (0d 0h 3m 34s)

---------------  T H R E A D  ---------------

Current thread (0x000002261e79baf0):  VMThread "VM Thread" [stack: 0x000000aecb200000,0x000000aecb300000] [id=4200]

Stack: [0x000000aecb200000,0x000000aecb300000]
Native frames: (J=compiled Java code, j=interpreted, Vv=VM code, C=native code)
V  [jvm.dll+0x683bfa]
V  [jvm.dll+0x8430a4]
V  [jvm.dll+0x8449be]
V  [jvm.dll+0x845023]
V  [jvm.dll+0x24ad2f]
V  [jvm.dll+0x680ac9]
V  [jvm.dll+0x67519a]
V  [jvm.dll+0x30b3cb]
V  [jvm.dll+0x312876]
V  [jvm.dll+0x362248]
V  [jvm.dll+0x36244f]
V  [jvm.dll+0x2e14a8]
V  [jvm.dll+0x2df684]
V  [jvm.dll+0x2dec8c]
V  [jvm.dll+0x32382b]
V  [jvm.dll+0x8496eb]
V  [jvm.dll+0x84a424]
V  [jvm.dll+0x84a93d]
V  [jvm.dll+0x84ad14]
V  [jvm.dll+0x84ade0]
V  [jvm.dll+0x7f2aea]
V  [jvm.dll+0x682a35]
C  [ucrtbase.dll+0x21bb2]
C  [KERNEL32.DLL+0x17344]
C  [ntdll.dll+0x526b1]

VM_Operation (0x000000aeccbf5dc0): G1CollectForAllocation, mode: safepoint, requested by thread 0x0000022624455840


---------------  P R O C E S S  ---------------

Threads class SMR info:
_java_thread_list=0x00000226266861e0, length=51, elements={
0x00000226029a69d0, 0x000002261e7a1800, 0x000002261e7d5150, 0x000002261e7c1b60,
0x000002261e7e7f60, 0x000002261e7eede0, 0x000002261e7f0000, 0x000002261ea34500,
0x000002261ea351b0, 0x000002261ea357b0, 0x000002261e73acc0, 0x000002261ec60af0,
0x0000022623ea2710, 0x0000022624302d60, 0x0000022623f1a690, 0x00000226245f2020,
0x00000226248d2590, 0x00000226247627a0, 0x0000022624455840, 0x000002262475d750,
0x000002262475ef60, 0x000002262475e0f0, 0x000002262475f900, 0x000002262475dc20,
0x0000022624760770, 0x000002262475e5c0, 0x000002262475ea90, 0x00000226247602a0,
0x000002262475fdd0, 0x0000022624760c40, 0x000002262475d280, 0x000002262465dac0,
0x000002262465f7a0, 0x000002262465bde0, 0x0000022624660140, 0x0000022624661480,
0x000002262465c2b0, 0x0000022624661e20, 0x000002262465e930, 0x0000022624660ae0,
0x000002262465ee00, 0x000002262465df90, 0x00000226246622f0, 0x000002262465fc70,
0x0000022624660fb0, 0x000002262465af70, 0x000002262465b440, 0x000002262465b910,
0x000002262465c780, 0x000002262475f430, 0x00000226266f0000
}

Java Threads: ( => current thread )
  0x00000226029a69d0 JavaThread "main" [_thread_blocked, id=16008, stack(0x000000aecac00000,0x000000aecad00000)]
  0x000002261e7a1800 JavaThread "Reference Handler" daemon [_thread_blocked, id=13404, stack(0x000000aecb300000,0x000000aecb400000)]
  0x000002261e7d5150 JavaThread "Finalizer" daemon [_thread_blocked, id=384, stack(0x000000aecb400000,0x000000aecb500000)]
  0x000002261e7c1b60 JavaThread "Signal Dispatcher" daemon [_thread_blocked, id=16644, stack(0x000000aecb500000,0x000000aecb600000)]
  0x000002261e7e7f60 JavaThread "Attach Listener" daemon [_thread_blocked, id=12996, stack(0x000000aecb600000,0x000000aecb700000)]
  0x000002261e7eede0 JavaThread "Service Thread" daemon [_thread_blocked, id=9800, stack(0x000000aecb700000,0x000000aecb800000)]
  0x000002261e7f0000 JavaThread "Monitor Deflation Thread" daemon [_thread_blocked, id=9608, stack(0x000000aecb800000,0x000000aecb900000)]
  0x000002261ea34500 JavaThread "C2 CompilerThread0" daemon [_thread_blocked, id=12444, stack(0x000000aecb900000,0x000000aecba00000)]
  0x000002261ea351b0 JavaThread "C1 CompilerThread0" daemon [_thread_blocked, id=14024, stack(0x000000aecba00000,0x000000aecbb00000)]
  0x000002261ea357b0 JavaThread "Sweeper thread" daemon [_thread_blocked, id=15872, stack(0x000000aecbb00000,0x000000aecbc00000)]
  0x000002261e73acc0 JavaThread "Common-Cleaner" daemon [_thread_blocked, id=5832, stack(0x000000aecbc00000,0x000000aecbd00000)]
  0x000002261ec60af0 JavaThread "Notification Thread" daemon [_thread_blocked, id=18416, stack(0x000000aecbd00000,0x000000aecbe00000)]
  0x0000022623ea2710 JavaThread "Daemon health stats" [_thread_blocked, id=17388, stack(0x000000aecc500000,0x000000aecc600000)]
  0x0000022624302d60 JavaThread "Incoming local TCP Connector on port 59762" [_thread_in_native, id=9764, stack(0x000000aecc600000,0x000000aecc700000)]
  0x0000022623f1a690 JavaThread "Daemon periodic checks" [_thread_blocked, id=2720, stack(0x000000aecc700000,0x000000aecc800000)]
  0x00000226245f2020 JavaThread "Daemon" [_thread_blocked, id=13024, stack(0x000000aecc800000,0x000000aecc900000)]
  0x00000226248d2590 JavaThread "Handler for socket connection from /127.0.0.1:59762 to /127.0.0.1:59763" [_thread_in_native, id=12744, stack(0x000000aecc900000,0x000000aecca00000)]
  0x00000226247627a0 JavaThread "Cancel handler" [_thread_blocked, id=15176, stack(0x000000aecca00000,0x000000aeccb00000)]
  0x0000022624455840 JavaThread "Daemon worker" [_thread_blocked, id=14116, stack(0x000000aeccb00000,0x000000aeccc00000)]
  0x000002262475d750 JavaThread "Asynchronous log dispatcher for DefaultDaemonConnection: socket connection from /127.0.0.1:59762 to /127.0.0.1:59763" [_thread_blocked, id=14504, stack(0x000000aeccc00000,0x000000aeccd00000)]
  0x000002262475ef60 JavaThread "Daemon client event forwarder" [_thread_blocked, id=15736, stack(0x000000aecce00000,0x000000aeccf00000)]
  0x000002262475e0f0 JavaThread "Cache worker for journal cache (C:\Users\christopher paulemon\.gradle\caches\journal-1)" [_thread_blocked, id=12936, stack(0x000000aecd100000,0x000000aecd200000)]
  0x000002262475f900 JavaThread "File lock request listener" [_thread_in_native, id=1712, stack(0x000000aecd200000,0x000000aecd300000)]
  0x000002262475dc20 JavaThread "Cache worker for file hash cache (C:\Users\christopher paulemon\.gradle\caches\8.2\fileHashes)" [_thread_blocked, id=5724, stack(0x000000aecd300000,0x000000aecd400000)]
  0x0000022624760770 JavaThread "File watcher server" daemon [_thread_in_native, id=11540, stack(0x000000aecd400000,0x000000aecd500000)]
  0x000002262475e5c0 JavaThread "File watcher consumer" daemon [_thread_blocked, id=3708, stack(0x000000aecd500000,0x000000aecd600000)]
  0x000002262475ea90 JavaThread "Cache worker for checksums cache (C:\Users\christopher paulemon\AndroidStudioProjects\ChristoPaul_card\.gradle\8.2\checksums)" [_thread_blocked, id=12648, stack(0x000000aecd600000,0x000000aecd700000)]
  0x00000226247602a0 JavaThread "Cache worker for cache directory md-rule (C:\Users\christopher paulemon\.gradle\caches\8.2\md-rule)" [_thread_blocked, id=8664, stack(0x000000aecd700000,0x000000aecd800000)]
  0x000002262475fdd0 JavaThread "Cache worker for file content cache (C:\Users\christopher paulemon\.gradle\caches\8.2\fileContent)" [_thread_blocked, id=688, stack(0x000000aecd800000,0x000000aecd900000)]
  0x0000022624760c40 JavaThread "Cache worker for file hash cache (C:\Users\christopher paulemon\AndroidStudioProjects\ChristoPaul_card\.gradle\8.2\fileHashes)" [_thread_blocked, id=2472, stack(0x000000aecd900000,0x000000aecda00000)]
  0x000002262475d280 JavaThread "Cache worker for cache directory md-supplier (C:\Users\christopher paulemon\.gradle\caches\8.2\md-supplier)" [_thread_blocked, id=12152, stack(0x000000aecda00000,0x000000aecdb00000)]
  0x000002262465dac0 JavaThread "Cache worker for execution history cache (C:\Users\christopher paulemon\.gradle\caches\8.2\executionHistory)" [_thread_blocked, id=9024, stack(0x000000aecdb00000,0x000000aecdc00000)]
  0x000002262465f7a0 JavaThread "jar transforms" [_thread_blocked, id=7608, stack(0x000000aecdc00000,0x000000aecdd00000)]
  0x000002262465bde0 JavaThread "jar transforms Thread 2" [_thread_blocked, id=11656, stack(0x000000aecdd00000,0x000000aecde00000)]
  0x0000022624660140 JavaThread "Cache worker for kotlin-dsl (C:\Users\christopher paulemon\.gradle\caches\8.2\kotlin-dsl)" [_thread_blocked, id=3336, stack(0x000000aecde00000,0x000000aecdf00000)]
  0x0000022624661480 JavaThread "jar transforms Thread 3" [_thread_blocked, id=11172, stack(0x000000aecdf00000,0x000000aece000000)]
  0x000002262465c2b0 JavaThread "jar transforms Thread 4" [_thread_blocked, id=16624, stack(0x000000aece000000,0x000000aece100000)]
  0x0000022624661e20 JavaThread "jar transforms Thread 5" [_thread_blocked, id=14452, stack(0x000000aece100000,0x000000aece200000)]
  0x000002262465e930 JavaThread "jar transforms Thread 6" [_thread_blocked, id=5184, stack(0x000000aece200000,0x000000aece300000)]
  0x0000022624660ae0 JavaThread "Cache worker for dependencies-accessors (C:\Users\christopher paulemon\AndroidStudioProjects\ChristoPaul_card\.gradle\8.2\dependencies-accessors)" [_thread_blocked, id=9664, stack(0x000000aece300000,0x000000aece400000)]
  0x000002262465ee00 JavaThread "Cache worker for Build Output Cleanup Cache (C:\Users\christopher paulemon\AndroidStudioProjects\ChristoPaul_card\.gradle\buildOutputCleanup)" [_thread_blocked, id=13600, stack(0x000000aece400000,0x000000aece500000)]
  0x000002262465df90 JavaThread "jar transforms Thread 7" [_thread_blocked, id=3868, stack(0x000000aece500000,0x000000aece600000)]
  0x00000226246622f0 JavaThread "jar transforms Thread 8" [_thread_blocked, id=3456, stack(0x000000aece600000,0x000000aece700000)]
  0x000002262465fc70 JavaThread "Unconstrained build operations" [_thread_blocked, id=392, stack(0x000000aecaa00000,0x000000aecab00000)]
  0x0000022624660fb0 JavaThread "Unconstrained build operations Thread 2" [_thread_blocked, id=15152, stack(0x000000aecab00000,0x000000aecac00000)]
  0x000002262465af70 JavaThread "Unconstrained build operations Thread 3" [_thread_blocked, id=16012, stack(0x000000aeccd00000,0x000000aecce00000)]
  0x000002262465b440 JavaThread "Unconstrained build operations Thread 4" [_thread_blocked, id=15328, stack(0x000000aece800000,0x000000aece900000)]
  0x000002262465b910 JavaThread "Unconstrained build operations Thread 5" [_thread_blocked, id=5368, stack(0x000000aece900000,0x000000aecea00000)]
  0x000002262465c780 JavaThread "Unconstrained build operations Thread 6" [_thread_blocked, id=18092, stack(0x000000aecea00000,0x000000aeceb00000)]
  0x000002262475f430 JavaThread "Unconstrained build operations Thread 7" [_thread_blocked, id=1068, stack(0x000000aeceb00000,0x000000aecec00000)]
  0x00000226266f0000 JavaThread "build event listener" [_thread_blocked, id=17628, stack(0x000000aeca900000,0x000000aecaa00000)]

Other Threads:
=>0x000002261e79baf0 VMThread "VM Thread" [stack: 0x000000aecb200000,0x000000aecb300000] [id=4200]
  0x00000226029a7980 WatcherThread [stack: 0x000000aecbe00000,0x000000aecbf00000] [id=3676]
  0x0000022602a03ca0 GCTaskThread "GC Thread#0" [stack: 0x000000aecad00000,0x000000aecae00000] [id=17728]
  0x00000226237d0650 GCTaskThread "GC Thread#1" [stack: 0x000000aecbf00000,0x000000aecc000000] [id=12316]
  0x0000022623866030 GCTaskThread "GC Thread#2" [stack: 0x000000aecc000000,0x000000aecc100000] [id=5800]
  0x00000226231228b0 GCTaskThread "GC Thread#3" [stack: 0x000000aecc100000,0x000000aecc200000] [id=17764]
  0x00000226232ecfa0 GCTaskThread "GC Thread#4" [stack: 0x000000aecc200000,0x000000aecc300000] [id=7640]
  0x00000226244b8660 GCTaskThread "GC Thread#5" [stack: 0x000000aecc300000,0x000000aecc400000] [id=4632]
  0x0000022623c3d0b0 GCTaskThread "GC Thread#6" [stack: 0x000000aecc400000,0x000000aecc500000] [id=1236]
  0x0000022623ef3500 GCTaskThread "GC Thread#7" [stack: 0x000000aeccf00000,0x000000aecd000000] [id=13680]
  0x0000022602a15450 ConcurrentGCThread "G1 Main Marker" [stack: 0x000000aecae00000,0x000000aecaf00000] [id=10524]
  0x0000022602a15e60 ConcurrentGCThread "G1 Conc#0" [stack: 0x000000aecaf00000,0x000000aecb000000] [id=1436]
  0x00000226239ceaa0 ConcurrentGCThread "G1 Conc#1" [stack: 0x000000aecd000000,0x000000aecd100000] [id=12940]
  0x000002261e610090 ConcurrentGCThread "G1 Refine#0" [stack: 0x000000aecb000000,0x000000aecb100000] [id=17824]
  0x000002261e6108c0 ConcurrentGCThread "G1 Service" [stack: 0x000000aecb100000,0x000000aecb200000] [id=11868]

Threads with active compile tasks:
C2 CompilerThread0   214549 6819       4       org.objectweb.asm.Frame::pop (42 bytes)

VM state: at safepoint (normal execution)

VM Mutex/Monitor currently owned by a thread:  ([mutex/lock_event])
[0x00000226029a1090] Threads_lock - owner thread: 0x000002261e79baf0
[0x00000226029a11b0] Heap_lock - owner thread: 0x0000022624455840

Heap address: 0x0000000080000000, size: 2048 MB, Compressed Oops mode: 32-bit

CDS archive(s) not mapped
Compressed class space mapped at: 0x0000000100000000-0x0000000140000000, reserved size: 1073741824
Narrow klass base: 0x0000000000000000, Narrow klass shift: 3, Narrow klass range: 0x140000000

GC Precious Log:
 CPUs: 8 total, 8 available
 Memory: 3906M
 Large Page Support: Disabled
 NUMA Support: Disabled
 Compressed Oops: Enabled (32-bit)
 Heap Region Size: 1M
 Heap Min Capacity: 8M
 Heap Initial Capacity: 62M
 Heap Max Capacity: 2G
 Pre-touch: Disabled
 Parallel Workers: 8
 Concurrent Workers: 2
 Concurrent Refinement Workers: 8
 Periodic GC: Disabled

Heap:
 garbage-first heap   total 109568K, used 62900K [0x0000000080000000, 0x0000000100000000)
  region size 1024K, 1 young (1024K), 1 survivors (1024K)
 Metaspace       used 67649K, committed 68224K, reserved 1114112K
  class space    used 8999K, committed 9280K, reserved 1048576K

Heap Regions: E=young(eden), S=young(survivor), O=old, HS=humongous(starts), HC=humongous(continues), CS=collection set, F=free, OA=open archive, CA=closed archive, TAMS=top-at-mark-start (previous, next)
|   0|0x0000000080000000, 0x0000000080100000, 0x0000000080100000|100%|HS|  |TAMS 0x0000000080100000, 0x0000000080100000| Complete 
|   1|0x0000000080100000, 0x0000000080200000, 0x0000000080200000|100%|HC|  |TAMS 0x0000000080200000, 0x0000000080200000| Complete 
|   2|0x0000000080200000, 0x0000000080300000, 0x0000000080300000|100%|HC|  |TAMS 0x0000000080300000, 0x0000000080300000| Complete 
|   3|0x0000000080300000, 0x0000000080400000, 0x0000000080400000|100%|HC|  |TAMS 0x0000000080400000, 0x0000000080400000| Complete 
|   4|0x0000000080400000, 0x0000000080500000, 0x0000000080500000|100%| O|  |TAMS 0x0000000080500000, 0x0000000080500000| Untracked 
|   5|0x0000000080500000, 0x0000000080600000, 0x0000000080600000|100%| O|  |TAMS 0x0000000080600000, 0x0000000080600000| Untracked 
|   6|0x0000000080600000, 0x0000000080700000, 0x0000000080700000|100%| O|  |TAMS 0x0000000080700000, 0x0000000080700000| Untracked 
|   7|0x0000000080700000, 0x0000000080800000, 0x0000000080800000|100%| O|  |TAMS 0x0000000080800000, 0x0000000080800000| Untracked 
|   8|0x0000000080800000, 0x0000000080900000, 0x0000000080900000|100%| O|  |TAMS 0x0000000080900000, 0x0000000080900000| Untracked 
|   9|0x0000000080900000, 0x0000000080a00000, 0x0000000080a00000|100%| O|  |TAMS 0x0000000080a00000, 0x0000000080a00000| Untracked 
|  10|0x0000000080a00000, 0x0000000080b00000, 0x0000000080b00000|100%| O|  |TAMS 0x0000000080b00000, 0x0000000080b00000| Untracked 
|  11|0x0000000080b00000, 0x0000000080c00000, 0x0000000080c00000|100%| O|  |TAMS 0x0000000080c00000, 0x0000000080c00000| Untracked 
|  12|0x0000000080c00000, 0x0000000080d00000, 0x0000000080d00000|100%| O|  |TAMS 0x0000000080d00000, 0x0000000080d00000| Untracked 
|  13|0x0000000080d00000, 0x0000000080e00000, 0x0000000080e00000|100%| O|  |TAMS 0x0000000080e00000, 0x0000000080e00000| Untracked 
|  14|0x0000000080e00000, 0x0000000080f00000, 0x0000000080f00000|100%| O|  |TAMS 0x0000000080f00000, 0x0000000080f00000| Untracked 
|  15|0x0000000080f00000, 0x0000000081000000, 0x0000000081000000|100%| O|  |TAMS 0x0000000081000000, 0x0000000081000000| Untracked 
|  16|0x0000000081000000, 0x0000000081100000, 0x0000000081100000|100%| O|  |TAMS 0x0000000081100000, 0x0000000081100000| Untracked 
|  17|0x0000000081100000, 0x0000000081200000, 0x0000000081200000|100%| O|  |TAMS 0x0000000081200000, 0x0000000081200000| Untracked 
|  18|0x0000000081200000, 0x0000000081300000, 0x0000000081300000|100%| O|  |TAMS 0x0000000081300000, 0x0000000081300000| Untracked 
|  19|0x0000000081300000, 0x0000000081400000, 0x0000000081400000|100%| O|  |TAMS 0x0000000081400000, 0x0000000081400000| Untracked 
|  20|0x0000000081400000, 0x0000000081500000, 0x0000000081500000|100%| O|  |TAMS 0x0000000081500000, 0x0000000081500000| Untracked 
|  21|0x0000000081500000, 0x0000000081600000, 0x0000000081600000|100%| O|  |TAMS 0x0000000081600000, 0x0000000081600000| Untracked 
|  22|0x0000000081600000, 0x0000000081700000, 0x0000000081700000|100%| O|  |TAMS 0x0000000081700000, 0x0000000081700000| Untracked 
|  23|0x0000000081700000, 0x000000008178c200, 0x0000000081800000| 54%| O|  |TAMS 0x0000000081700000, 0x000000008178c200| Untracked 
|  24|0x0000000081800000, 0x0000000081800000, 0x0000000081900000|  0%| F|  |TAMS 0x0000000081800000, 0x0000000081800000| Untracked 
|  25|0x0000000081900000, 0x0000000081a00000, 0x0000000081a00000|100%| O|  |TAMS 0x0000000081a00000, 0x0000000081a00000| Untracked 
|  26|0x0000000081a00000, 0x0000000081b00000, 0x0000000081b00000|100%| O|  |TAMS 0x0000000081b00000, 0x0000000081b00000| Untracked 
|  27|0x0000000081b00000, 0x0000000081c00000, 0x0000000081c00000|100%| O|  |TAMS 0x0000000081c00000, 0x0000000081c00000| Untracked 
|  28|0x0000000081c00000, 0x0000000081d00000, 0x0000000081d00000|100%| O|  |TAMS 0x0000000081d00000, 0x0000000081d00000| Untracked 
|  29|0x0000000081d00000, 0x0000000081e00000, 0x0000000081e00000|100%| O|  |TAMS 0x0000000081e00000, 0x0000000081e00000| Untracked 
|  30|0x0000000081e00000, 0x0000000081f00000, 0x0000000081f00000|100%| O|  |TAMS 0x0000000081f00000, 0x0000000081f00000| Untracked 
|  31|0x0000000081f00000, 0x0000000082000000, 0x0000000082000000|100%| O|  |TAMS 0x0000000082000000, 0x0000000082000000| Untracked 
|  32|0x0000000082000000, 0x0000000082100000, 0x0000000082100000|100%| O|  |TAMS 0x0000000082100000, 0x0000000082100000| Untracked 
|  33|0x0000000082100000, 0x0000000082200000, 0x0000000082200000|100%| O|  |TAMS 0x0000000082200000, 0x0000000082200000| Untracked 
|  34|0x0000000082200000, 0x0000000082300000, 0x0000000082300000|100%| O|  |TAMS 0x0000000082300000, 0x0000000082300000| Untracked 
|  35|0x0000000082300000, 0x0000000082400000, 0x0000000082400000|100%| O|  |TAMS 0x0000000082400000, 0x0000000082400000| Untracked 
|  36|0x0000000082400000, 0x0000000082500000, 0x0000000082500000|100%| O|  |TAMS 0x0000000082500000, 0x0000000082500000| Untracked 
|  37|0x0000000082500000, 0x0000000082600000, 0x0000000082600000|100%| O|  |TAMS 0x0000000082600000, 0x0000000082600000| Untracked 
|  38|0x0000000082600000, 0x0000000082700000, 0x0000000082700000|100%| O|  |TAMS 0x0000000082700000, 0x0000000082700000| Untracked 
|  39|0x0000000082700000, 0x0000000082800000, 0x0000000082800000|100%| O|  |TAMS 0x0000000082800000, 0x0000000082800000| Untracked 
|  40|0x0000000082800000, 0x0000000082900000, 0x0000000082900000|100%| O|  |TAMS 0x0000000082900000, 0x0000000082900000| Untracked 
|  41|0x0000000082900000, 0x0000000082a00000, 0x0000000082a00000|100%|HS|  |TAMS 0x0000000082a00000, 0x0000000082a00000| Complete 
|  42|0x0000000082a00000, 0x0000000082b00000, 0x0000000082b00000|100%|HS|  |TAMS 0x0000000082b00000, 0x0000000082b00000| Complete 
|  43|0x0000000082b00000, 0x0000000082c00000, 0x0000000082c00000|100%|HS|  |TAMS 0x0000000082c00000, 0x0000000082c00000| Complete 
|  44|0x0000000082c00000, 0x0000000082d00000, 0x0000000082d00000|100%|HC|  |TAMS 0x0000000082d00000, 0x0000000082d00000| Complete 
|  45|0x0000000082d00000, 0x0000000082e00000, 0x0000000082e00000|100%|HS|  |TAMS 0x0000000082e00000, 0x0000000082e00000| Complete 
|  46|0x0000000082e00000, 0x0000000082f00000, 0x0000000082f00000|100%|HC|  |TAMS 0x0000000082f00000, 0x0000000082f00000| Complete 
|  47|0x0000000082f00000, 0x0000000083000000, 0x0000000083000000|100%|HS|  |TAMS 0x0000000083000000, 0x0000000083000000| Complete 
|  48|0x0000000083000000, 0x0000000083100000, 0x0000000083100000|100%|HS|  |TAMS 0x0000000083100000, 0x0000000083100000| Complete 
|  49|0x0000000083100000, 0x0000000083200000, 0x0000000083200000|100%|HC|  |TAMS 0x0000000083200000, 0x0000000083200000| Complete 
|  50|0x0000000083200000, 0x0000000083300000, 0x0000000083300000|100%|HC|  |TAMS 0x0000000083300000, 0x0000000083300000| Complete 
|  51|0x0000000083300000, 0x0000000083400000, 0x0000000083400000|100%|HC|  |TAMS 0x0000000083400000, 0x0000000083400000| Complete 
|  52|0x0000000083400000, 0x0000000083500000, 0x0000000083500000|100%| O|  |TAMS 0x0000000083500000, 0x0000000083500000| Untracked 
|  53|0x0000000083500000, 0x0000000083600000, 0x0000000083600000|100%| O|  |TAMS 0x0000000083600000, 0x0000000083600000| Untracked 
|  54|0x0000000083600000, 0x0000000083700000, 0x0000000083700000|100%| O|  |TAMS 0x0000000083700000, 0x0000000083700000| Untracked 
|  55|0x0000000083700000, 0x0000000083800000, 0x0000000083800000|100%|HS|  |TAMS 0x0000000083800000, 0x0000000083800000| Complete 
|  56|0x0000000083800000, 0x0000000083900000, 0x0000000083900000|100%| O|  |TAMS 0x0000000083900000, 0x0000000083900000| Untracked 
|  57|0x0000000083900000, 0x0000000083a00000, 0x0000000083a00000|100%| O|  |TAMS 0x0000000083a00000, 0x0000000083a00000| Untracked 
|  58|0x0000000083a00000, 0x0000000083b00000, 0x0000000083b00000|100%| O|  |TAMS 0x0000000083b00000, 0x0000000083b00000| Untracked 
|  59|0x0000000083b00000, 0x0000000083c00000, 0x0000000083c00000|100%|HS|  |TAMS 0x0000000083c00000, 0x0000000083c00000| Complete 
|  60|0x0000000083c00000, 0x0000000083d00000, 0x0000000083d00000|100%| O|  |TAMS 0x0000000083d00000, 0x0000000083d00000| Untracked 
|  61|0x0000000083d00000, 0x0000000083e00000, 0x0000000083e00000|100%| O|  |TAMS 0x0000000083d60a00, 0x0000000083e00000| Untracked 
|  62|0x0000000083e00000, 0x0000000083e00000, 0x0000000083f00000|  0%| F|  |TAMS 0x0000000083e00000, 0x0000000083e00000| Untracked 
|  63|0x0000000083f00000, 0x0000000083f00000, 0x0000000084000000|  0%| F|  |TAMS 0x0000000083f00000, 0x0000000083f00000| Untracked 
|  64|0x0000000084000000, 0x0000000084000000, 0x0000000084100000|  0%| F|  |TAMS 0x0000000084000000, 0x0000000084000000| Untracked 
|  65|0x0000000084100000, 0x0000000084100000, 0x0000000084200000|  0%| F|  |TAMS 0x0000000084100000, 0x0000000084100000| Untracked 
|  66|0x0000000084200000, 0x0000000084200000, 0x0000000084300000|  0%| F|  |TAMS 0x0000000084200000, 0x0000000084200000| Untracked 
|  67|0x0000000084300000, 0x0000000084300000, 0x0000000084400000|  0%| F|  |TAMS 0x0000000084300000, 0x0000000084300000| Untracked 
|  68|0x0000000084400000, 0x0000000084400000, 0x0000000084500000|  0%| F|  |TAMS 0x0000000084400000, 0x0000000084400000| Untracked 
|  69|0x0000000084500000, 0x0000000084500000, 0x0000000084600000|  0%| F|  |TAMS 0x0000000084500000, 0x0000000084500000| Untracked 
|  70|0x0000000084600000, 0x0000000084600000, 0x0000000084700000|  0%| F|  |TAMS 0x0000000084600000, 0x0000000084600000| Untracked 
|  71|0x0000000084700000, 0x0000000084700000, 0x0000000084800000|  0%| F|  |TAMS 0x0000000084700000, 0x0000000084700000| Untracked 
|  72|0x0000000084800000, 0x0000000084800000, 0x0000000084900000|  0%| F|  |TAMS 0x0000000084800000, 0x0000000084800000| Untracked 
|  73|0x0000000084900000, 0x0000000084900000, 0x0000000084a00000|  0%| F|  |TAMS 0x0000000084900000, 0x0000000084900000| Untracked 
|  74|0x0000000084a00000, 0x0000000084a00000, 0x0000000084b00000|  0%| F|  |TAMS 0x0000000084a00000, 0x0000000084a00000| Untracked 
|  75|0x0000000084b00000, 0x0000000084b00000, 0x0000000084c00000|  0%| F|  |TAMS 0x0000000084b00000, 0x0000000084b00000| Untracked 
|  76|0x0000000084c00000, 0x0000000084c00000, 0x0000000084d00000|  0%| F|  |TAMS 0x0000000084c00000, 0x0000000084c00000| Untracked 
|  77|0x0000000084d00000, 0x0000000084d00000, 0x0000000084e00000|  0%| F|  |TAMS 0x0000000084d00000, 0x0000000084d00000| Untracked 
|  78|0x0000000084e00000, 0x0000000084e00000, 0x0000000084f00000|  0%| F|  |TAMS 0x0000000084e00000, 0x0000000084e00000| Untracked 
|  79|0x0000000084f00000, 0x0000000084f00000, 0x0000000085000000|  0%| F|  |TAMS 0x0000000084f00000, 0x0000000084f00000| Untracked 
|  80|0x0000000085000000, 0x0000000085000000, 0x0000000085100000|  0%| F|  |TAMS 0x0000000085000000, 0x0000000085000000| Untracked 
|  81|0x0000000085100000, 0x0000000085100000, 0x0000000085200000|  0%| F|  |TAMS 0x0000000085100000, 0x0000000085100000| Untracked 
|  82|0x0000000085200000, 0x0000000085200000, 0x0000000085300000|  0%| F|  |TAMS 0x0000000085200000, 0x0000000085200000| Untracked 
|  83|0x0000000085300000, 0x0000000085300000, 0x0000000085400000|  0%| F|  |TAMS 0x0000000085300000, 0x0000000085300000| Untracked 
|  84|0x0000000085400000, 0x0000000085400000, 0x0000000085500000|  0%| F|  |TAMS 0x0000000085400000, 0x0000000085400000| Untracked 
|  85|0x0000000085500000, 0x0000000085500000, 0x0000000085600000|  0%| F|  |TAMS 0x0000000085500000, 0x0000000085500000| Untracked 
|  86|0x0000000085600000, 0x0000000085600000, 0x0000000085700000|  0%| F|  |TAMS 0x0000000085600000, 0x0000000085600000| Untracked 
|  87|0x0000000085700000, 0x00000000857e1028, 0x0000000085800000| 87%| S|CS|TAMS 0x0000000085700000, 0x0000000085700000| Complete 
|  88|0x0000000085800000, 0x0000000085800000, 0x0000000085900000|  0%| F|  |TAMS 0x0000000085800000, 0x0000000085800000| Untracked 
|  89|0x0000000085900000, 0x0000000085900000, 0x0000000085a00000|  0%| F|  |TAMS 0x0000000085900000, 0x0000000085900000| Untracked 
|  90|0x0000000085a00000, 0x0000000085a00000, 0x0000000085b00000|  0%| F|  |TAMS 0x0000000085a00000, 0x0000000085a00000| Untracked 
|  91|0x0000000085b00000, 0x0000000085b00000, 0x0000000085c00000|  0%| F|  |TAMS 0x0000000085b00000, 0x0000000085b00000| Untracked 
|  92|0x0000000085c00000, 0x0000000085c00000, 0x0000000085d00000|  0%| F|  |TAMS 0x0000000085c00000, 0x0000000085c00000| Untracked 
|  93|0x0000000085d00000, 0x0000000085d00000, 0x0000000085e00000|  0%| F|  |TAMS 0x0000000085d00000, 0x0000000085d00000| Untracked 
|  94|0x0000000085e00000, 0x0000000085e00000, 0x0000000085f00000|  0%| F|  |TAMS 0x0000000085e00000, 0x0000000085e00000| Untracked 
|  95|0x0000000085f00000, 0x0000000085f00000, 0x0000000086000000|  0%| F|  |TAMS 0x0000000085f00000, 0x0000000085f00000| Untracked 
|  96|0x0000000086000000, 0x0000000086000000, 0x0000000086100000|  0%| F|  |TAMS 0x0000000086000000, 0x0000000086000000| Untracked 
|  97|0x0000000086100000, 0x0000000086100000, 0x0000000086200000|  0%| F|  |TAMS 0x0000000086100000, 0x0000000086100000| Untracked 
|  98|0x0000000086200000, 0x0000000086200000, 0x0000000086300000|  0%| F|  |TAMS 0x0000000086200000, 0x0000000086200000| Untracked 
|  99|0x0000000086300000, 0x0000000086300000, 0x0000000086400000|  0%| F|  |TAMS 0x0000000086300000, 0x0000000086300000| Untracked 
| 100|0x0000000086400000, 0x0000000086400000, 0x0000000086500000|  0%| F|  |TAMS 0x0000000086400000, 0x0000000086400000| Untracked 
| 101|0x0000000086500000, 0x0000000086500000, 0x0000000086600000|  0%| F|  |TAMS 0x0000000086500000, 0x0000000086500000| Untracked 
| 102|0x0000000086600000, 0x0000000086600000, 0x0000000086700000|  0%| F|  |TAMS 0x0000000086600000, 0x0000000086600000| Untracked 
| 103|0x0000000086700000, 0x0000000086700000, 0x0000000086800000|  0%| F|  |TAMS 0x0000000086700000, 0x0000000086700000| Untracked 
| 104|0x0000000086800000, 0x0000000086800000, 0x0000000086900000|  0%| F|  |TAMS 0x0000000086800000, 0x0000000086800000| Untracked 
| 105|0x0000000086900000, 0x0000000086900000, 0x0000000086a00000|  0%| F|  |TAMS 0x0000000086900000, 0x0000000086900000| Untracked 
| 106|0x0000000086a00000, 0x0000000086a00000, 0x0000000086b00000|  0%| F|  |TAMS 0x0000000086a00000, 0x0000000086a00000| Untracked 

Card table byte_map: [0x00000226174f0000,0x00000226178f0000] _byte_map_base: 0x00000226170f0000

Marking Bits (Prev, Next): (CMBitMap*) 0x0000022602a042f0, (CMBitMap*) 0x0000022602a042b0
 Prev Bits: [0x0000022619cf0000, 0x000002261bcf0000)
 Next Bits: [0x0000022617cf0000, 0x0000022619cf0000)

Polling page: 0x0000022602a70000

Metaspace:

Usage:
  Non-class:     57.27 MB used.
      Class:      8.79 MB used.
       Both:     66.06 MB used.

Virtual space:
  Non-class space:       64.00 MB reserved,      57.56 MB ( 90%) committed,  1 nodes.
      Class space:        1.00 GB reserved,       9.06 MB ( <1%) committed,  1 nodes.
             Both:        1.06 GB reserved,      66.62 MB (  6%) committed. 

Chunk freelists:
   Non-Class:  5.76 MB
       Class:  6.89 MB
        Both:  12.65 MB

MaxMetaspaceSize: unlimited
CompressedClassSpaceSize: 1.00 GB
Initial GC threshold: 21.00 MB
Current GC threshold: 105.00 MB
CDS: off
MetaspaceReclaimPolicy: balanced
 - commit_granule_bytes: 65536.
 - commit_granule_words: 8192.
 - virtual_space_node_default_size: 8388608.
 - enlarge_chunks_in_place: 1.
 - new_chunks_are_fully_committed: 0.
 - uncommit_free_chunks: 1.
 - use_allocation_guard: 0.
 - handle_deallocations: 1.


Internal statistics:

num_allocs_failed_limit: 12.
num_arena_births: 686.
num_arena_deaths: 0.
num_vsnodes_births: 2.
num_vsnodes_deaths: 0.
num_space_committed: 1066.
num_space_uncommitted: 0.
num_chunks_returned_to_freelist: 12.
num_chunks_taken_from_freelist: 2811.
num_chunk_merges: 6.
num_chunk_splits: 1880.
num_chunks_enlarged: 1281.
num_inconsistent_stats: 0.

CodeHeap 'non-profiled nmethods': size=120000Kb used=3156Kb max_used=3197Kb free=116843Kb
 bounds [0x000002260f160000, 0x000002260f4b0000, 0x0000022616690000]
CodeHeap 'profiled nmethods': size=120000Kb used=11014Kb max_used=11673Kb free=108985Kb
 bounds [0x0000022607690000, 0x0000022608200000, 0x000002260ebc0000]
CodeHeap 'non-nmethods': size=5760Kb used=2385Kb max_used=2471Kb free=3375Kb
 bounds [0x000002260ebc0000, 0x000002260ee50000, 0x000002260f160000]
 total_blobs=6804 nmethods=5898 adapters=817
 compilation: enabled
              stopped_count=0, restarted_count=0
 full_count=0

Compilation events (20 events):
Event: 214.227 Thread 0x000002261ea351b0 6811       3       org.gradle.internal.instantiation.generator.AbstractClassGenerator$DslMixInPropertyType::visitInstanceMethod (104 bytes)
Event: 214.229 Thread 0x000002261ea351b0 nmethod 6811 0x00000226080e3e10 code [0x00000226080e4040, 0x00000226080e4a18]
Event: 214.236 Thread 0x000002261ea351b0 6814       3       com.google.common.base.Equivalence$Equals::doEquivalent (6 bytes)
Event: 214.236 Thread 0x000002261ea351b0 nmethod 6814 0x00000226078bf510 code [0x00000226078bf6c0, 0x00000226078bf888]
Event: 214.239 Thread 0x000002261ea351b0 6816       3       org.gradle.internal.service.DefaultServiceRegistry$ManagedObjectServiceProvider::setInstance (18 bytes)
Event: 214.239 Thread 0x000002261ea351b0 nmethod 6816 0x00000226078bf090 code [0x00000226078bf240, 0x00000226078bf408]
Event: 214.240 Thread 0x000002261ea351b0 6817       3       org.gradle.model.internal.asm.ClassVisitorScope::addGetter (11 bytes)
Event: 214.240 Thread 0x000002261ea351b0 nmethod 6817 0x00000226078bec10 code [0x00000226078bedc0, 0x00000226078bef88]
Event: 214.245 Thread 0x000002261ea34500 nmethod 6807 0x000002260f239f10 code [0x000002260f23a0e0, 0x000002260f23acc8]
Event: 214.246 Thread 0x000002261ea34500 6812       4       org.objectweb.asm.Type::getArgumentsAndReturnSizes (140 bytes)
Event: 214.261 Thread 0x000002261ea34500 nmethod 6812 0x000002260f298290 code [0x000002260f298480, 0x000002260f298b70]
Event: 214.261 Thread 0x000002261ea34500 6808       4       org.objectweb.asm.Frame::pop (44 bytes)
Event: 214.262 Thread 0x000002261ea34500 nmethod 6808 0x000002260f1b7f10 code [0x000002260f1b8080, 0x000002260f1b8118]
Event: 214.262 Thread 0x000002261ea34500 6809       4       org.objectweb.asm.Frame::getLocal (46 bytes)
Event: 214.264 Thread 0x000002261ea34500 nmethod 6809 0x000002260f239a90 code [0x000002260f239c00, 0x000002260f239cd8]
Event: 214.264 Thread 0x000002261ea34500 6813       4       org.objectweb.asm.Frame::getAbstractTypeFromDescriptor (415 bytes)
Event: 214.283 Thread 0x000002261ea34500 nmethod 6813 0x000002260f297090 code [0x000002260f297280, 0x000002260f297c50]
Event: 214.283 Thread 0x000002261ea34500 6818       4       org.objectweb.asm.MethodVisitor::<init> (94 bytes)
Event: 214.286 Thread 0x000002261ea34500 nmethod 6818 0x000002260f26a410 code [0x000002260f26a580, 0x000002260f26a718]
Event: 214.286 Thread 0x000002261ea34500 6819       4       org.objectweb.asm.Frame::pop (42 bytes)

GC Heap History (20 events):
Event: 186.921 GC heap after
{Heap after GC invocations=31 (full 0):
 garbage-first heap   total 98304K, used 47085K [0x0000000080000000, 0x0000000100000000)
  region size 1024K, 2 young (2048K), 2 survivors (2048K)
 Metaspace       used 61284K, committed 61824K, reserved 1114112K
  class space    used 8190K, committed 8448K, reserved 1048576K
}
Event: 189.110 GC heap before
{Heap before GC invocations=32 (full 0):
 garbage-first heap   total 98304K, used 50157K [0x0000000080000000, 0x0000000100000000)
  region size 1024K, 4 young (4096K), 2 survivors (2048K)
 Metaspace       used 61383K, committed 61888K, reserved 1114112K
  class space    used 8199K, committed 8448K, reserved 1048576K
}
Event: 189.115 GC heap after
{Heap after GC invocations=33 (full 0):
 garbage-first heap   total 98304K, used 49275K [0x0000000080000000, 0x0000000100000000)
  region size 1024K, 2 young (2048K), 2 survivors (2048K)
 Metaspace       used 61383K, committed 61888K, reserved 1114112K
  class space    used 8199K, committed 8448K, reserved 1048576K
}
Event: 200.169 GC heap before
{Heap before GC invocations=34 (full 0):
 garbage-first heap   total 98304K, used 52347K [0x0000000080000000, 0x0000000100000000)
  region size 1024K, 6 young (6144K), 2 survivors (2048K)
 Metaspace       used 61393K, committed 61952K, reserved 1114112K
  class space    used 8199K, committed 8448K, reserved 1048576K
}
Event: 200.174 GC heap after
{Heap after GC invocations=35 (full 0):
 garbage-first heap   total 98304K, used 51996K [0x0000000080000000, 0x0000000100000000)
  region size 1024K, 3 young (3072K), 3 survivors (3072K)
 Metaspace       used 61393K, committed 61952K, reserved 1114112K
  class space    used 8199K, committed 8448K, reserved 1048576K
}
Event: 201.205 GC heap before
{Heap before GC invocations=36 (full 0):
 garbage-first heap   total 98304K, used 57116K [0x0000000080000000, 0x0000000100000000)
  region size 1024K, 5 young (5120K), 3 survivors (3072K)
 Metaspace       used 61393K, committed 61952K, reserved 1114112K
  class space    used 8199K, committed 8448K, reserved 1048576K
}
Event: 201.221 GC heap after
{Heap after GC invocations=37 (full 0):
 garbage-first heap   total 98304K, used 58179K [0x0000000080000000, 0x0000000100000000)
  region size 1024K, 2 young (2048K), 2 survivors (2048K)
 Metaspace       used 61393K, committed 61952K, reserved 1114112K
  class space    used 8199K, committed 8448K, reserved 1048576K
}
Event: 210.289 GC heap before
{Heap before GC invocations=38 (full 0):
 garbage-first heap   total 101376K, used 61251K [0x0000000080000000, 0x0000000100000000)
  region size 1024K, 5 young (5120K), 2 survivors (2048K)
 Metaspace       used 61401K, committed 61952K, reserved 1114112K
  class space    used 8200K, committed 8448K, reserved 1048576K
}
Event: 210.309 GC heap after
{Heap after GC invocations=39 (full 0):
 garbage-first heap   total 101376K, used 59327K [0x0000000080000000, 0x0000000100000000)
  region size 1024K, 2 young (2048K), 2 survivors (2048K)
 Metaspace       used 61401K, committed 61952K, reserved 1114112K
  class space    used 8200K, committed 8448K, reserved 1048576K
}
Event: 211.074 GC heap before
{Heap before GC invocations=40 (full 0):
 garbage-first heap   total 104448K, used 70591K [0x0000000080000000, 0x0000000100000000)
  region size 1024K, 13 young (13312K), 2 survivors (2048K)
 Metaspace       used 62261K, committed 62848K, reserved 1114112K
  class space    used 8304K, committed 8576K, reserved 1048576K
}
Event: 211.102 GC heap after
{Heap after GC invocations=41 (full 0):
 garbage-first heap   total 104448K, used 61335K [0x0000000080000000, 0x0000000100000000)
  region size 1024K, 1 young (1024K), 1 survivors (1024K)
 Metaspace       used 62261K, committed 62848K, reserved 1114112K
  class space    used 8304K, committed 8576K, reserved 1048576K
}
Event: 211.338 GC heap before
{Heap before GC invocations=41 (full 0):
 garbage-first heap   total 104448K, used 65431K [0x0000000080000000, 0x0000000100000000)
  region size 1024K, 5 young (5120K), 1 survivors (1024K)
 Metaspace       used 62568K, committed 63104K, reserved 1114112K
  class space    used 8352K, committed 8640K, reserved 1048576K
}
Event: 211.360 GC heap after
{Heap after GC invocations=42 (full 0):
 garbage-first heap   total 104448K, used 62062K [0x0000000080000000, 0x0000000100000000)
  region size 1024K, 1 young (1024K), 1 survivors (1024K)
 Metaspace       used 62568K, committed 63104K, reserved 1114112K
  class space    used 8352K, committed 8640K, reserved 1048576K
}
Event: 212.519 GC heap before
{Heap before GC invocations=42 (full 0):
 garbage-first heap   total 104448K, used 74350K [0x0000000080000000, 0x0000000100000000)
  region size 1024K, 14 young (14336K), 1 survivors (1024K)
 Metaspace       used 63780K, committed 64320K, reserved 1114112K
  class space    used 8532K, committed 8768K, reserved 1048576K
}
Event: 212.523 GC heap after
{Heap after GC invocations=43 (full 0):
 garbage-first heap   total 104448K, used 62501K [0x0000000080000000, 0x0000000100000000)
  region size 1024K, 1 young (1024K), 1 survivors (1024K)
 Metaspace       used 63780K, committed 64320K, reserved 1114112K
  class space    used 8532K, committed 8768K, reserved 1048576K
}
Event: 212.966 GC heap before
{Heap before GC invocations=44 (full 0):
 garbage-first heap   total 109568K, used 75813K [0x0000000080000000, 0x0000000100000000)
  region size 1024K, 15 young (15360K), 1 survivors (1024K)
 Metaspace       used 65155K, committed 65664K, reserved 1114112K
  class space    used 8720K, committed 8960K, reserved 1048576K
}
Event: 212.968 GC heap after
{Heap after GC invocations=45 (full 0):
 garbage-first heap   total 109568K, used 62961K [0x0000000080000000, 0x0000000100000000)
  region size 1024K, 2 young (2048K), 2 survivors (2048K)
 Metaspace       used 65155K, committed 65664K, reserved 1114112K
  class space    used 8720K, committed 8960K, reserved 1048576K
}
Event: 213.041 GC heap before
{Heap before GC invocations=45 (full 0):
 garbage-first heap   total 109568K, used 65009K [0x0000000080000000, 0x0000000100000000)
  region size 1024K, 5 young (5120K), 2 survivors (2048K)
 Metaspace       used 65377K, committed 65920K, reserved 1114112K
  class space    used 8752K, committed 9024K, reserved 1048576K
}
Event: 213.064 GC heap after
{Heap after GC invocations=46 (full 0):
 garbage-first heap   total 109568K, used 62956K [0x0000000080000000, 0x0000000100000000)
  region size 1024K, 1 young (1024K), 1 survivors (1024K)
 Metaspace       used 65377K, committed 65920K, reserved 1114112K
  class space    used 8752K, committed 9024K, reserved 1048576K
}
Event: 214.288 GC heap before
{Heap before GC invocations=46 (full 0):
 garbage-first heap   total 109568K, used 80364K [0x0000000080000000, 0x0000000100000000)
  region size 1024K, 19 young (19456K), 1 survivors (1024K)
 Metaspace       used 67649K, committed 68224K, reserved 1114112K
  class space    used 8999K, committed 9280K, reserved 1048576K
}

Dll operation events (3 events):
Event: 0.113 Loaded shared library C:\Program Files\Android\Android Studio\jbr\bin\java.dll
Event: 0.461 Loaded shared library C:\Program Files\Android\Android Studio\jbr\bin\zip.dll
Event: 11.347 Loaded shared library C:\Program Files\Android\Android Studio\jbr\bin\verify.dll

Deoptimization events (20 events):
Event: 212.681 Thread 0x0000022624455840 Uncommon trap: trap_request=0xffffffc6 fr.pc=0x000002260f40bed8 relative=0x00000000000009d8
Event: 212.681 Thread 0x0000022624455840 Uncommon trap: reason=bimorphic_or_optimized_type_check action=maybe_recompile pc=0x000002260f40bed8 method=java.io.BufferedInputStream.read1([BII)I @ 39 c2
Event: 212.681 Thread 0x0000022624455840 DEOPT PACKING pc=0x000002260f40bed8 sp=0x000000aeccbf6e90
Event: 212.681 Thread 0x0000022624455840 DEOPT UNPACKING pc=0x000002260ec169a3 sp=0x000000aeccbf6da8 mode 2
Event: 212.724 Thread 0x0000022624455840 Uncommon trap: trap_request=0xffffffc6 fr.pc=0x000002260f40bed8 relative=0x00000000000009d8
Event: 212.724 Thread 0x0000022624455840 Uncommon trap: reason=bimorphic_or_optimized_type_check action=maybe_recompile pc=0x000002260f40bed8 method=java.io.BufferedInputStream.read1([BII)I @ 39 c2
Event: 212.724 Thread 0x0000022624455840 DEOPT PACKING pc=0x000002260f40bed8 sp=0x000000aeccbf7940
Event: 212.724 Thread 0x0000022624455840 DEOPT UNPACKING pc=0x000002260ec169a3 sp=0x000000aeccbf7858 mode 2
Event: 212.724 Thread 0x0000022624455840 Uncommon trap: trap_request=0xffffffde fr.pc=0x000002260f2caa80 relative=0x00000000000001c0
Event: 212.724 Thread 0x0000022624455840 Uncommon trap: reason=class_check action=maybe_recompile pc=0x000002260f2caa80 method=java.io.BufferedInputStream.read1([BII)I @ 39 c2
Event: 212.724 Thread 0x0000022624455840 DEOPT PACKING pc=0x000002260f2caa80 sp=0x000000aeccbf78a0
Event: 212.724 Thread 0x0000022624455840 DEOPT UNPACKING pc=0x000002260ec169a3 sp=0x000000aeccbf7848 mode 2
Event: 212.761 Thread 0x0000022624455840 DEOPT PACKING pc=0x00000226080f0be3 sp=0x000000aeccbf6b10
Event: 212.761 Thread 0x0000022624455840 DEOPT UNPACKING pc=0x000002260ec17143 sp=0x000000aeccbf6020 mode 0
Event: 212.843 Thread 0x0000022624455840 Uncommon trap: trap_request=0xffffff45 fr.pc=0x000002260f17eccc relative=0x000000000000030c
Event: 212.843 Thread 0x0000022624455840 Uncommon trap: reason=unstable_if action=reinterpret pc=0x000002260f17eccc method=org.gradle.internal.instantiation.generator.AbstractClassGenerator$InjectionAnnotationValidator.validateMethod(Ljava/lang/reflect/Method;Lorg/gradle/internal/reflect/Propert
Event: 212.843 Thread 0x0000022624455840 DEOPT PACKING pc=0x000002260f17eccc sp=0x000000aeccbf7280
Event: 212.843 Thread 0x0000022624455840 DEOPT UNPACKING pc=0x000002260ec169a3 sp=0x000000aeccbf7248 mode 2
Event: 214.152 Thread 0x0000022624455840 DEOPT PACKING pc=0x0000022607a31a9b sp=0x000000aeccbf4e30
Event: 214.152 Thread 0x0000022624455840 DEOPT UNPACKING pc=0x000002260ec17143 sp=0x000000aeccbf42a0 mode 0

Classes unloaded (0 events):
No events

Classes redefined (0 events):
No events

Internal exceptions (20 events):
Event: 157.127 Thread 0x0000022624455840 Exception <a 'java/io/IOException'{0x0000000084538498}: Connection reset by peer> (0x0000000084538498) 
thrown [s\src\hotspot\share\prims\jni.cpp, line 536]
Event: 167.310 Thread 0x0000022624455840 Exception <a 'sun/net/ConnectionResetException'{0x00000000845715e0}: Connection reset> (0x00000000845715e0) 
thrown [s\src\hotspot\share\prims\jni.cpp, line 536]
Event: 167.311 Thread 0x0000022624455840 Exception <a 'java/io/IOException'{0x0000000084575950}: Connection reset by peer> (0x0000000084575950) 
thrown [s\src\hotspot\share\prims\jni.cpp, line 536]
Event: 173.332 Thread 0x0000022624455840 Exception <a 'java/lang/NoSuchMethodError'{0x00000000835b89b8}: 'long java.lang.invoke.DirectMethodHandle$Holder.invokeVirtual(java.lang.Object, java.lang.Object)'> (0x00000000835b89b8) 
thrown [s\src\hotspot\share\interpreter\linkResolver.cpp, line 771]
Event: 173.434 Thread 0x000002262475ef60 Exception <a 'java/lang/NoSuchMethodError'{0x0000000084a5ccf0}: static Lorg/gradle/internal/build/event/types/DefaultOperationFinishedProgressEvent;.<clinit>()V> (0x0000000084a5ccf0) 
thrown [s\src\hotspot\share\prims\jni.cpp, line 1108]
Event: 173.443 Thread 0x000002262475ef60 Exception <a 'java/lang/NoSuchMethodError'{0x0000000084a87d88}: static Lorg/gradle/internal/build/event/types/DefaultProjectConfigurationSuccessResult;.<clinit>()V> (0x0000000084a87d88) 
thrown [s\src\hotspot\share\prims\jni.cpp, line 1108]
Event: 173.443 Thread 0x000002262475ef60 Exception <a 'java/lang/NoSuchMethodError'{0x0000000084a89088}: static Lorg/gradle/internal/build/event/types/AbstractProjectConfigurationResult;.<clinit>()V> (0x0000000084a89088) 
thrown [s\src\hotspot\share\prims\jni.cpp, line 1108]
Event: 173.444 Thread 0x000002262475ef60 Exception <a 'java/lang/NoSuchMethodError'{0x0000000084a8ad08}: static Lorg/gradle/internal/build/event/types/AbstractOperationResult;.<clinit>()V> (0x0000000084a8ad08) 
thrown [s\src\hotspot\share\prims\jni.cpp, line 1108]
Event: 173.444 Thread 0x000002262475ef60 Exception <a 'java/lang/NoSuchMethodError'{0x0000000084a8bf18}: static Lorg/gradle/internal/build/event/types/AbstractResult;.<clinit>()V> (0x0000000084a8bf18) 
thrown [s\src\hotspot\share\prims\jni.cpp, line 1108]
Event: 173.449 Thread 0x000002262475ef60 Exception <a 'java/lang/NoSuchMethodError'{0x0000000084aa46d0}: static Lorg/gradle/internal/build/event/types/DefaultPluginApplicationResult;.<clinit>()V> (0x0000000084aa46d0) 
thrown [s\src\hotspot\share\prims\jni.cpp, line 1108]
Event: 173.451 Thread 0x000002262475ef60 Exception <a 'java/lang/NoSuchMethodError'{0x0000000084ab0fd0}: static Lorg/gradle/internal/build/event/types/DefaultBinaryPluginIdentifier;.<clinit>()V> (0x0000000084ab0fd0) 
thrown [s\src\hotspot\share\prims\jni.cpp, line 1108]
Event: 173.460 Thread 0x000002262475ef60 Exception <a 'java/lang/NoSuchMethodError'{0x0000000084aca538}: static Lorg/gradle/internal/build/event/types/DefaultScriptPluginIdentifier;.<clinit>()V> (0x0000000084aca538) 
thrown [s\src\hotspot\share\prims\jni.cpp, line 1108]
Event: 173.811 Thread 0x0000022624455840 Implicit null exception at 0x000002260f3acc92 to 0x000002260f3ad3b0
Event: 177.325 Thread 0x000002261e7d5150 Implicit null exception at 0x000002260f3ca883 to 0x000002260f3caa58
Event: 210.138 Thread 0x0000022624455840 Exception <a 'java/lang/ClassNotFoundException'{0x0000000086178068}: org/gradle/api/internal/plugins/DefaultObjectConfigurationActionBeanInfo> (0x0000000086178068) 
thrown [s\src\hotspot\share\classfile\systemDictionary.cpp, line 256]
Event: 210.159 Thread 0x0000022624455840 Exception <a 'java/lang/ClassNotFoundException'{0x000000008618ca10}: org/gradle/api/internal/plugins/DefaultObjectConfigurationActionCustomizer> (0x000000008618ca10) 
thrown [s\src\hotspot\share\classfile\systemDictionary.cpp, line 256]
Event: 212.112 Thread 0x0000022624455840 Exception <a 'java/lang/NoSuchMethodError'{0x00000000860a8630}: 'java.lang.Object java.lang.invoke.DirectMethodHandle$Holder.newInvokeSpecial(java.lang.Object, java.lang.Object, java.lang.Object, java.lang.Object, int)'> (0x00000000860a8630) 
thrown [s\src\hotspot\share\interpreter\linkResolver.cpp, line 771]
Event: 212.114 Thread 0x0000022624455840 Exception <a 'java/lang/NoSuchMethodError'{0x00000000860ada30}: 'java.lang.Object java.lang.invoke.DirectMethodHandle$Holder.invokeSpecial(java.lang.Object, java.lang.Object, java.lang.Object, java.lang.Object, java.lang.Object, int)'> (0x00000000860ada30) 
thrown [s\src\hotspot\share\interpreter\linkResolver.cpp, line 771]
Event: 212.114 Thread 0x0000022624455840 Exception <a 'java/lang/NoSuchMethodError'{0x00000000860b2768}: 'java.lang.Object java.lang.invoke.Invokers$Holder.linkToTargetMethod(java.lang.Object, java.lang.Object, java.lang.Object, int, java.lang.Object)'> (0x00000000860b2768) 
thrown [s\src\hotspot\share\interpreter\linkResolver.cpp, line 771]
Event: 212.814 Thread 0x0000022624455840 Exception <a 'java/lang/NoSuchMethodError'{0x0000000086050ca8}: 'int java.lang.invoke.DirectMethodHandle$Holder.invokeInterface(java.lang.Object, java.lang.Object, java.lang.Object, java.lang.Object)'> (0x0000000086050ca8) 
thrown [s\src\hotspot\share\interpreter\linkResolver.cpp, line 771]

VM Operations (20 events):
Event: 211.360 Executing VM operation: G1CollectForAllocation done
Event: 212.365 Executing VM operation: Cleanup
Event: 212.365 Executing VM operation: Cleanup done
Event: 212.519 Executing VM operation: G1CollectForAllocation
Event: 212.523 Executing VM operation: G1CollectForAllocation done
Event: 212.573 Executing VM operation: G1Concurrent
Event: 212.579 Executing VM operation: G1Concurrent done
Event: 212.609 Executing VM operation: G1Concurrent
Event: 212.610 Executing VM operation: G1Concurrent done
Event: 212.795 Executing VM operation: HandshakeAllThreads
Event: 212.795 Executing VM operation: HandshakeAllThreads done
Event: 212.813 Executing VM operation: HandshakeAllThreads
Event: 212.813 Executing VM operation: HandshakeAllThreads done
Event: 212.966 Executing VM operation: G1CollectForAllocation
Event: 212.968 Executing VM operation: G1CollectForAllocation done
Event: 213.040 Executing VM operation: G1CollectForAllocation
Event: 213.064 Executing VM operation: G1CollectForAllocation done
Event: 214.071 Executing VM operation: Cleanup
Event: 214.071 Executing VM operation: Cleanup done
Event: 214.288 Executing VM operation: G1CollectForAllocation

Events (20 events):
Event: 213.613 loading class java/time/format/DateTimeFormatterBuilder$FractionPrinterParser
Event: 213.613 loading class java/time/format/DateTimeFormatterBuilder$FractionPrinterParser done
Event: 213.613 loading class java/time/format/DateTimeFormatterBuilder$ZoneIdPrinterParser
Event: 213.614 loading class java/time/format/DateTimeFormatterBuilder$ZoneIdPrinterParser done
Event: 213.614 loading class java/time/format/DateTimeFormatterBuilder$StringLiteralPrinterParser
Event: 213.614 loading class java/time/format/DateTimeFormatterBuilder$StringLiteralPrinterParser done
Event: 213.614 loading class java/time/format/DateTimeFormatterBuilder$InstantPrinterParser
Event: 213.615 loading class java/time/format/DateTimeFormatterBuilder$InstantPrinterParser done
Event: 213.616 loading class java/time/format/DateTimeTextProvider$LocaleStore
Event: 213.616 loading class java/time/format/DateTimeTextProvider$LocaleStore done
Event: 213.616 loading class java/time/format/DateTimeTextProvider
Event: 213.617 loading class java/time/format/DateTimeTextProvider done
Event: 213.617 loading class java/time/format/DateTimeTextProvider$1
Event: 213.617 loading class java/time/format/DateTimeTextProvider$1 done
Event: 213.617 loading class java/time/format/DateTimeFormatterBuilder$1
Event: 213.618 loading class java/time/format/DateTimeFormatterBuilder$1 done
Event: 213.618 loading class java/time/format/DateTimeFormatterBuilder$TextPrinterParser
Event: 213.618 loading class java/time/format/DateTimeFormatterBuilder$TextPrinterParser done
Event: 213.620 loading class java/util/concurrent/Executors$DefaultThreadFactory
Event: 213.620 loading class java/util/concurrent/Executors$DefaultThreadFactory done


Dynamic libraries:
0x00007ff73a600000 - 0x00007ff73a60a000 	C:\Program Files\Android\Android Studio\jbr\bin\java.exe
0x00007ffb38a50000 - 0x00007ffb38c48000 	C:\Windows\SYSTEM32\ntdll.dll
0x00007ffb034c0000 - 0x00007ffb034d9000 	C:\Program Files\Avast Software\Avast\aswhook.dll
0x00007ffb38760000 - 0x00007ffb3881d000 	C:\Windows\System32\KERNEL32.DLL
0x00007ffb365f0000 - 0x00007ffb368e6000 	C:\Windows\System32\KERNELBASE.dll
0x00007ffb363d0000 - 0x00007ffb364d0000 	C:\Windows\System32\ucrtbase.dll
0x00007ffb0e780000 - 0x00007ffb0e797000 	C:\Program Files\Android\Android Studio\jbr\bin\jli.dll
0x00007ffb373c0000 - 0x00007ffb3755e000 	C:\Windows\System32\USER32.dll
0x00007ffb361f0000 - 0x00007ffb36212000 	C:\Windows\System32\win32u.dll
0x00007ffb38710000 - 0x00007ffb3873b000 	C:\Windows\System32\GDI32.dll
0x00007ffb364d0000 - 0x00007ffb365e7000 	C:\Windows\System32\gdi32full.dll
0x00007ffb36150000 - 0x00007ffb361ed000 	C:\Windows\System32\msvcp_win.dll
0x00007ffb10e10000 - 0x00007ffb110aa000 	C:\Windows\WinSxS\amd64_microsoft.windows.common-controls_6595b64144ccf1df_6.0.19041.3636_none_60b6a03d71f818d5\COMCTL32.dll
0x00007ffb370e0000 - 0x00007ffb3717e000 	C:\Windows\System32\msvcrt.dll
0x00007ffb2bd00000 - 0x00007ffb2bd1b000 	C:\Program Files\Android\Android Studio\jbr\bin\VCRUNTIME140.dll
0x00007ffb37c50000 - 0x00007ffb37c82000 	C:\Windows\System32\IMM32.DLL
0x00007ffb2bcf0000 - 0x00007ffb2bcfc000 	C:\Program Files\Android\Android Studio\jbr\bin\vcruntime140_1.dll
0x00007ffb1cf20000 - 0x00007ffb1cfad000 	C:\Program Files\Android\Android Studio\jbr\bin\msvcp140.dll
0x00007ffaaacc0000 - 0x00007ffaab940000 	C:\Program Files\Android\Android Studio\jbr\bin\server\jvm.dll
0x00007ffb36cd0000 - 0x00007ffb36d80000 	C:\Windows\System32\ADVAPI32.dll
0x00007ffb36c30000 - 0x00007ffb36cd0000 	C:\Windows\System32\sechost.dll
0x00007ffb36b00000 - 0x00007ffb36c25000 	C:\Windows\System32\RPCRT4.dll
0x00007ffb36a50000 - 0x00007ffb36a77000 	C:\Windows\System32\bcrypt.dll
0x00007ffb29260000 - 0x00007ffb2926a000 	C:\Windows\SYSTEM32\VERSION.dll
0x00007ffb127e0000 - 0x00007ffb127e9000 	C:\Windows\SYSTEM32\WSOCK32.dll
0x00007ffb17610000 - 0x00007ffb17637000 	C:\Windows\SYSTEM32\WINMM.dll
0x00007ffb37180000 - 0x00007ffb371eb000 	C:\Windows\System32\WS2_32.dll
0x00007ffb34940000 - 0x00007ffb34952000 	C:\Windows\SYSTEM32\kernel.appcore.dll
0x00007ffb2de10000 - 0x00007ffb2de1a000 	C:\Program Files\Android\Android Studio\jbr\bin\jimage.dll
0x00007ffb33e30000 - 0x00007ffb34014000 	C:\Windows\SYSTEM32\DBGHELP.DLL
0x00007ffb1d6c0000 - 0x00007ffb1d6f4000 	C:\Windows\SYSTEM32\dbgcore.DLL
0x00007ffb36340000 - 0x00007ffb363c2000 	C:\Windows\System32\bcryptPrimitives.dll
0x00007ffb2bb60000 - 0x00007ffb2bb6e000 	C:\Program Files\Android\Android Studio\jbr\bin\instrument.dll
0x00007ffb2bab0000 - 0x00007ffb2bad5000 	C:\Program Files\Android\Android Studio\jbr\bin\java.dll
0x00007ffb2a4c0000 - 0x00007ffb2a4d8000 	C:\Program Files\Android\Android Studio\jbr\bin\zip.dll
0x00007ffb37e70000 - 0x00007ffb385db000 	C:\Windows\System32\SHELL32.dll
0x00007ffb34190000 - 0x00007ffb3492e000 	C:\Windows\SYSTEM32\windows.storage.dll
0x00007ffb36d80000 - 0x00007ffb370d3000 	C:\Windows\System32\combase.dll
0x00007ffb35a60000 - 0x00007ffb35a8e000 	C:\Windows\SYSTEM32\Wldp.dll
0x00007ffb38640000 - 0x00007ffb3870d000 	C:\Windows\System32\OLEAUT32.dll
0x00007ffb37730000 - 0x00007ffb377dd000 	C:\Windows\System32\SHCORE.dll
0x00007ffb38820000 - 0x00007ffb38875000 	C:\Windows\System32\shlwapi.dll
0x00007ffb36030000 - 0x00007ffb36055000 	C:\Windows\SYSTEM32\profapi.dll
0x00007ffb108b0000 - 0x00007ffb108c9000 	C:\Program Files\Android\Android Studio\jbr\bin\net.dll
0x00007ffb26500000 - 0x00007ffb2660a000 	C:\Windows\SYSTEM32\WINHTTP.dll
0x00007ffb357c0000 - 0x00007ffb3582a000 	C:\Windows\system32\mswsock.dll
0x00007ffb0fa60000 - 0x00007ffb0fa76000 	C:\Program Files\Android\Android Studio\jbr\bin\nio.dll
0x00007ffb2cb00000 - 0x00007ffb2cb10000 	C:\Program Files\Android\Android Studio\jbr\bin\verify.dll
0x00007ffb2bd20000 - 0x00007ffb2bd47000 	C:\Users\christopher paulemon\.gradle\native\68d5fa5c4cc2d200863cafc0d521ce42e7d3e7ee720ec0a83991735586a16f82\windows-amd64\native-platform.dll
0x00007ffb1cdd0000 - 0x00007ffb1cf14000 	C:\Users\christopher paulemon\.gradle\native\e376f236ea51e6404a007f0833ffe2c6e607c4080706a723a18a27aeea778392\windows-amd64\native-platform-file-events.dll
0x00007ffb2bce0000 - 0x00007ffb2bce9000 	C:\Program Files\Android\Android Studio\jbr\bin\management.dll
0x00007ffb2bcb0000 - 0x00007ffb2bcbb000 	C:\Program Files\Android\Android Studio\jbr\bin\management_ext.dll
0x00007ffb38740000 - 0x00007ffb38748000 	C:\Windows\System32\PSAPI.DLL
0x00007ffb359b0000 - 0x00007ffb359c8000 	C:\Windows\SYSTEM32\CRYPTSP.dll
0x00007ffb350f0000 - 0x00007ffb35124000 	C:\Windows\system32\rsaenh.dll
0x00007ffb35ff0000 - 0x00007ffb3601e000 	C:\Windows\SYSTEM32\USERENV.dll
0x00007ffb359d0000 - 0x00007ffb359dc000 	C:\Windows\SYSTEM32\CRYPTBASE.dll
0x00007ffb354b0000 - 0x00007ffb354eb000 	C:\Windows\SYSTEM32\IPHLPAPI.DLL
0x00007ffb38750000 - 0x00007ffb38758000 	C:\Windows\System32\NSI.dll
0x00007ffb28150000 - 0x00007ffb28167000 	C:\Windows\SYSTEM32\dhcpcsvc6.DLL
0x00007ffb292a0000 - 0x00007ffb292bd000 	C:\Windows\SYSTEM32\dhcpcsvc.DLL
0x00007ffb354f0000 - 0x00007ffb355bb000 	C:\Windows\SYSTEM32\DNSAPI.dll
0x00007ffb06e90000 - 0x00007ffb06e97000 	C:\Windows\system32\wshunix.dll
0x00007ffb2ab10000 - 0x00007ffb2ab1a000 	C:\Windows\System32\rasadhlp.dll
0x00007ffb135f0000 - 0x00007ffb13670000 	C:\Windows\System32\fwpuclnt.dll

dbghelp: loaded successfully - version: 4.0.5 - missing functions: none
symbol engine: initialized successfully - sym options: 0x614 - pdb path: .;C:\Program Files\Android\Android Studio\jbr\bin;C:\Windows\SYSTEM32;C:\Program Files\Avast Software\Avast;C:\Windows\WinSxS\amd64_microsoft.windows.common-controls_6595b64144ccf1df_6.0.19041.3636_none_60b6a03d71f818d5;C:\Program Files\Android\Android Studio\jbr\bin\server;C:\Users\christopher paulemon\.gradle\native\68d5fa5c4cc2d200863cafc0d521ce42e7d3e7ee720ec0a83991735586a16f82\windows-amd64;C:\Users\christopher paulemon\.gradle\native\e376f236ea51e6404a007f0833ffe2c6e607c4080706a723a18a27aeea778392\windows-amd64

VM Arguments:
jvm_args: --add-opens=java.base/java.util=ALL-UNNAMED --add-opens=java.base/java.lang=ALL-UNNAMED --add-opens=java.base/java.lang.invoke=ALL-UNNAMED --add-opens=java.prefs/java.util.prefs=ALL-UNNAMED --add-opens=java.base/java.nio.charset=ALL-UNNAMED --add-opens=java.base/java.net=ALL-UNNAMED --add-opens=java.base/java.util.concurrent.atomic=ALL-UNNAMED -Xmx2048m -Dfile.encoding=UTF-8 -Duser.country=US -Duser.language=en -Duser.variant -javaagent:C:\Users\christopher paulemon\.gradle\wrapper\dists\gradle-8.2-bin\bbg7u40eoinfdyxsxr3z4i7ta\gradle-8.2\lib\agents\gradle-instrumentation-agent-8.2.jar 
java_command: org.gradle.launcher.daemon.bootstrap.GradleDaemon 8.2
java_class_path (initial): C:\Users\christopher paulemon\.gradle\wrapper\dists\gradle-8.2-bin\bbg7u40eoinfdyxsxr3z4i7ta\gradle-8.2\lib\gradle-launcher-8.2.jar
Launcher Type: SUN_STANDARD

[Global flags]
     intx CICompilerCount                          = 4                                         {product} {ergonomic}
     uint ConcGCThreads                            = 2                                         {product} {ergonomic}
     uint G1ConcRefinementThreads                  = 8                                         {product} {ergonomic}
   size_t G1HeapRegionSize                         = 1048576                                   {product} {ergonomic}
    uintx GCDrainStackTargetSize                   = 64                                        {product} {ergonomic}
   size_t InitialHeapSize                          = 65011712                                  {product} {ergonomic}
   size_t MarkStackSize                            = 4194304                                   {product} {ergonomic}
   size_t MaxHeapSize                              = 2147483648                                {product} {command line}
   size_t MaxNewSize                               = 1287651328                                {product} {ergonomic}
   size_t MinHeapDeltaBytes                        = 1048576                                   {product} {ergonomic}
   size_t MinHeapSize                              = 8388608                                   {product} {ergonomic}
    uintx NonNMethodCodeHeapSize                   = 5839372                                {pd product} {ergonomic}
    uintx NonProfiledCodeHeapSize                  = 122909434                              {pd product} {ergonomic}
    uintx ProfiledCodeHeapSize                     = 122909434                              {pd product} {ergonomic}
    uintx ReservedCodeCacheSize                    = 251658240                              {pd product} {ergonomic}
     bool SegmentedCodeCache                       = true                                      {product} {ergonomic}
   size_t SoftMaxHeapSize                          = 2147483648                             {manageable} {ergonomic}
     bool UseCompressedClassPointers               = true                           {product lp64_product} {ergonomic}
     bool UseCompressedOops                        = true                           {product lp64_product} {ergonomic}
     bool UseG1GC                                  = true                                      {product} {ergonomic}
     bool UseLargePagesIndividualAllocation        = false                                  {pd product} {ergonomic}

Logging:
Log output configuration:
 #0: stdout all=warning uptime,level,tags
 #1: stderr all=off uptime,level,tags

Environment Variables:
PATH=C:\Windows\system32;C:\Windows;C:\Windows\System32\Wbem;C:\Windows\System32\WindowsPowerShell\v1.0\;C:\Windows\System32\OpenSSH\;C:\Program Files\Microsoft SQL Server\150\Tools\Binn\;C:\Program Files\Microsoft SQL Server\Client SDK\ODBC\170\Tools\Binn\;C:\Program Files\dotnet\;C:\Program Files (x86)\Microsoft SQL Server\160\Tools\Binn\;C:\Program Files\Microsoft SQL Server\160\Tools\Binn\;C:\Program Files\Microsoft SQL Server\160\DTS\Binn\;C:\Program Files\Git\cmd;C:\Users\christopher paulemon\AppData\Local\Programs\Python\Python312\Scripts\;C:\Users\christopher paulemon\AppData\Local\Programs\Python\Python312\;C:\Users\christopher paulemon\AppData\Local\Programs\Python\Launcher\;C:\Users\christopher paulemon\AppData\Local\Microsoft\WindowsApps;C:\Users\christopher paulemon\.dotnet\tools;C:\Users\christopher paulemon\AppData\Local\Programs\Microsoft VS Code\bin
USERNAME=christopher paulemon
OS=Windows_NT
PROCESSOR_IDENTIFIER=Intel64 Family 6 Model 142 Stepping 11, GenuineIntel
TMP=C:\Users\CHRIST~1\AppData\Local\Temp
TEMP=C:\Users\CHRIST~1\AppData\Local\Temp


JNI global refs:
JNI global refs: 28, weak refs: 1

JNI global refs memory usage: 843, weak refs: 841

OOME stack traces (most recent first):
Classloader memory used:
Loader org.gradle.internal.classloader.VisitableURLClassLoader                         : 3438K
Loader bootstrap                                                                       : 3102K
Loader org.gradle.initialization.MixInLegacyTypesClassLoader                           : 1169K
Loader org.gradle.internal.classloader.VisitableURLClassLoader$InstrumentingVisitableURLClassLoader: 594K
Loader jdk.internal.loader.ClassLoaders$PlatformClassLoader                            : 99685B
Loader jdk.internal.loader.ClassLoaders$AppClassLoader                                 : 28448B
Loader jdk.internal.reflect.DelegatingClassLoader                                      : 25779B
Loader org.gradle.groovy.scripts.internal.DefaultScriptCompilationHandler$ScriptClassLoader: 1712B
Loader org.codehaus.groovy.runtime.callsite.CallSiteClassLoader                        : 356B

Classes loaded by more than one classloader:
Class Program                                                                         : loaded 4 times (x 72B)
Class com.google.common.collect.Iterators$MergingIterator                             : loaded 2 times (x 79B)
Class [Lcom.google.common.collect.AbstractMapEntry;                                   : loaded 2 times (x 67B)
Class com.google.common.collect.SingletonImmutableList                                : loaded 2 times (x 167B)
Class com.google.common.cache.CacheLoader$SupplierToCacheLoader                       : loaded 2 times (x 73B)
Class org.gradle.internal.classpath.ClassPath                                         : loaded 2 times (x 68B)
Class com.google.common.cache.RemovalListener                                         : loaded 2 times (x 68B)
Class org.gradle.api.internal.classpath.DefaultModuleRegistry                         : loaded 2 times (x 84B)
Class Settings_gradle$1$1                                                             : loaded 2 times (x 72B)
Class com.google.common.collect.ListMultimap                                          : loaded 2 times (x 68B)
Class com.google.common.base.CharMatcher$JavaDigit                                    : loaded 2 times (x 109B)
Class com.google.common.base.CharMatcher$Digit                                        : loaded 2 times (x 110B)
Class com.google.common.collect.AbstractMultimap                                      : loaded 2 times (x 121B)
Class com.google.common.cache.CacheBuilder$OneWeigher                                 : loaded 2 times (x 80B)
Class org.gradle.api.Action                                                           : loaded 2 times (x 68B)
Class com.google.common.collect.ImmutableEntry                                        : loaded 2 times (x 80B)
Class com.google.common.collect.Lists$StringAsImmutableList                           : loaded 2 times (x 167B)
Class com.google.common.base.CharMatcher                                              : loaded 2 times (x 109B)
Class com.google.common.base.CharMatcher$IsNot                                        : loaded 2 times (x 109B)
Class com.google.common.base.Splitter                                                 : loaded 2 times (x 70B)
Class [Lcom.google.common.cache.Weigher;                                              : loaded 2 times (x 67B)
Class com.google.common.collect.Iterators$ArrayItr                                    : loaded 2 times (x 95B)
Class com.google.common.cache.LocalCache$Segment                                      : loaded 2 times (x 152B)
Class org.gradle.api.internal.DefaultClassPathProvider                                : loaded 2 times (x 74B)
Class org.gradle.internal.installation.GradleInstallation$1                           : loaded 2 times (x 73B)
Class com.google.common.base.CharMatcher$BitSetMatcher                                : loaded 2 times (x 110B)
Class com.google.common.collect.ImmutableMap$IteratorBasedImmutableMap                : loaded 2 times (x 123B)
Class com.google.common.collect.ImmutableMap                                          : loaded 2 times (x 118B)
Class com.google.common.base.Converter                                                : loaded 2 times (x 88B)
Class com.google.common.collect.ImmutableSet$EmptySetBuilderImpl                      : loaded 2 times (x 74B)
Class com.google.common.base.Equivalence                                              : loaded 2 times (x 80B)
Class com.google.common.cache.LocalCache$EntryFactory$1                               : loaded 2 times (x 81B)
Class com.google.common.cache.LocalCache$EntryFactory$2                               : loaded 2 times (x 81B)
Class com.google.common.cache.LocalCache$EntryFactory$3                               : loaded 2 times (x 81B)
Class com.google.common.cache.LocalCache$EntryFactory$4                               : loaded 2 times (x 81B)
Class com.google.common.cache.LocalCache$EntryFactory$5                               : loaded 2 times (x 81B)
Class com.google.common.cache.LocalCache$EntryFactory$6                               : loaded 2 times (x 81B)
Class com.google.common.cache.LocalCache$EntryFactory$7                               : loaded 2 times (x 81B)
Class com.google.common.cache.LocalCache$EntryFactory$8                               : loaded 2 times (x 81B)
Class com.google.common.base.Predicate                                                : loaded 2 times (x 68B)
Class org.gradle.internal.classloader.FilteringClassLoader                            : loaded 2 times (x 102B)
Class com.google.common.collect.RegularImmutableSet                                   : loaded 2 times (x 146B)
Class [Lcom.google.common.cache.LocalCache$Strength;                                  : loaded 2 times (x 67B)
Class org.gradle.internal.classpath.DefaultClassPath$ImmutableUniqueList$Builder      : loaded 2 times (x 73B)
Class com.google.common.collect.Maps$8                                                : loaded 2 times (x 80B)
Class [Lcom.google.common.cache.CacheBuilder$NullListener;                            : loaded 2 times (x 67B)
Class com.google.common.base.CharMatcher$InRange                                      : loaded 2 times (x 109B)
Class com.google.common.collect.BiMap                                                 : loaded 2 times (x 68B)
Class com.google.common.collect.Lists                                                 : loaded 2 times (x 69B)
Class com.google.common.math.IntMath$1                                                : loaded 2 times (x 69B)
Class org.gradle.internal.classloader.ClassLoaderVisitor                              : loaded 2 times (x 74B)
Class com.google.common.cache.CacheBuilder$NullListener                               : loaded 2 times (x 80B)
Class com.google.common.math.MathPreconditions                                        : loaded 2 times (x 69B)
Class org.gradle.internal.service.DefaultServiceLocator                               : loaded 2 times (x 81B)
Class org.gradle.internal.service.UnknownServiceException                             : loaded 2 times (x 81B)
Class com.google.common.collect.ArrayListMultimap                                     : loaded 2 times (x 170B)
Class com.google.common.cache.CacheLoader$InvalidCacheLoadException                   : loaded 2 times (x 80B)
Class org.gradle.internal.classloader.DefaultClassLoaderFactory                       : loaded 2 times (x 80B)
Class com.google.common.collect.UnmodifiableIterator                                  : loaded 2 times (x 78B)
Class com.google.common.cache.LocalCache$LoadingValueReference                        : loaded 2 times (x 94B)
Class com.google.common.base.CharMatcher$SingleWidth                                  : loaded 2 times (x 110B)
Class com.google.common.collect.Hashing                                               : loaded 2 times (x 69B)
Class com.google.common.base.JdkPattern                                               : loaded 2 times (x 73B)
Class com.google.common.collect.Multimap                                              : loaded 2 times (x 68B)
Class com.google.common.base.FunctionalEquivalence                                    : loaded 2 times (x 81B)
Class com.google.common.cache.LocalCache$1                                            : loaded 2 times (x 87B)
Class com.google.common.cache.LocalCache$2                                            : loaded 2 times (x 140B)
Class org.gradle.internal.classloader.VisitableURLClassLoader$Spec                    : loaded 2 times (x 72B)
Class org.gradle.api.GradleException                                                  : loaded 2 times (x 80B)
Class com.google.common.base.CharMatcher$JavaLetterOrDigit                            : loaded 2 times (x 109B)
Class org.gradle.api.internal.classpath.ModuleRegistry                                : loaded 2 times (x 68B)
Class com.google.common.cache.CacheBuilder                                            : loaded 2 times (x 70B)
Class com.google.common.collect.ImmutableCollection                                   : loaded 2 times (x 123B)
Class com.google.common.base.PairwiseEquivalence                                      : loaded 2 times (x 81B)
Class com.google.common.base.Ticker                                                   : loaded 2 times (x 70B)
Class org.gradle.api.internal.ClassPathProvider                                       : loaded 2 times (x 68B)
Class com.google.common.collect.RegularImmutableMap$Values                            : loaded 2 times (x 167B)
Class org.gradle.internal.classloader.ClasspathUtil$1                                 : loaded 2 times (x 74B)
Class com.google.common.collect.ImmutableEnumMap                                      : loaded 2 times (x 123B)
Class com.google.common.collect.ImmutableList$ReverseImmutableList                    : loaded 2 times (x 168B)
Class com.google.common.cache.AbstractCache$StatsCounter                              : loaded 2 times (x 68B)
Class com.google.common.cache.LocalCache$Strength$1                                   : loaded 2 times (x 79B)
Class com.google.common.cache.LocalCache$Strength$2                                   : loaded 2 times (x 79B)
Class com.google.common.cache.LocalCache$Strength$3                                   : loaded 2 times (x 79B)
Class org.gradle.internal.classloader.ClassLoaderFactory                              : loaded 2 times (x 68B)
Class com.google.common.collect.ObjectArrays                                          : loaded 2 times (x 69B)
Class com.google.common.collect.Iterators$10                                          : loaded 2 times (x 79B)
Class com.google.common.collect.ImmutableList                                         : loaded 2 times (x 166B)
Class org.gradle.api.internal.classpath.ManifestUtil                                  : loaded 2 times (x 69B)
Class org.gradle.api.specs.Spec                                                       : loaded 2 times (x 68B)
Class com.google.common.cache.CacheLoader$UnsupportedLoadingOperationException        : loaded 2 times (x 80B)
Class com.google.common.base.CharMatcher$Whitespace                                   : loaded 2 times (x 110B)
Class com.google.common.collect.Iterators$1                                           : loaded 2 times (x 79B)
Class com.google.common.collect.Iterators$4                                           : loaded 2 times (x 80B)
Class com.google.common.collect.RegularImmutableMap$BucketOverflowException           : loaded 2 times (x 80B)
Class com.google.common.collect.Iterators$5                                           : loaded 2 times (x 80B)
Class com.google.common.base.Equivalence$Equals                                       : loaded 2 times (x 80B)
Class com.google.common.base.Preconditions                                            : loaded 2 times (x 69B)
Class com.google.common.base.Function                                                 : loaded 2 times (x 68B)
Class com.google.common.collect.Iterators$9                                           : loaded 2 times (x 79B)
Class org.gradle.internal.IoActions                                                   : loaded 2 times (x 69B)
Class com.google.common.cache.ReferenceEntry                                          : loaded 2 times (x 68B)
Class com.google.common.collect.RegularImmutableMap$KeySet                            : loaded 2 times (x 148B)
Class com.google.common.collect.CollectPreconditions                                  : loaded 2 times (x 69B)
Class com.google.common.collect.Maps                                                  : loaded 2 times (x 69B)
Class com.google.common.collect.RegularImmutableMap                                   : loaded 2 times (x 119B)
Class com.google.common.collect.AbstractIndexedListIterator                           : loaded 2 times (x 94B)
Class com.google.common.base.CharMatcher$None                                         : loaded 2 times (x 110B)
Class org.gradle.api.internal.classpath.EffectiveClassPath                            : loaded 2 times (x 88B)
Class com.google.common.collect.UnmodifiableListIterator                              : loaded 2 times (x 93B)
Class com.google.common.cache.CacheLoader$FunctionToCacheLoader                       : loaded 2 times (x 73B)
Class com.google.common.cache.CacheBuilder$1                                          : loaded 2 times (x 83B)
Class com.google.common.cache.CacheBuilder$2                                          : loaded 2 times (x 77B)
Class com.google.common.collect.ImmutableList$1                                       : loaded 2 times (x 95B)
Class com.google.common.base.Splitter$Strategy                                        : loaded 2 times (x 68B)
Class com.google.common.cache.CacheBuilder$3                                          : loaded 2 times (x 70B)
Class com.google.common.collect.ImmutableMapEntrySet$RegularEntrySet                  : loaded 2 times (x 149B)
Class [Lcom.google.common.cache.RemovalListener;                                      : loaded 2 times (x 67B)
Class [Lcom.google.common.collect.ImmutableMapEntry;                                  : loaded 2 times (x 67B)
Class org.gradle.internal.installation.CurrentGradleInstallation                      : loaded 2 times (x 71B)
Class org.gradle.internal.agents.InstrumentingClassLoader                             : loaded 2 times (x 68B)
Class org.gradle.internal.installation.CurrentGradleInstallationLocator               : loaded 2 times (x 69B)
Class [Lcom.google.common.cache.LocalCache$Segment;                                   : loaded 2 times (x 67B)
Class org.gradle.api.internal.classpath.Module                                        : loaded 2 times (x 68B)
Class com.google.common.base.Splitter$1$1                                             : loaded 2 times (x 84B)
Class com.google.common.collect.ImmutableSet$JdkBackedSetBuilderImpl                  : loaded 2 times (x 74B)
Class com.google.common.collect.ImmutableSet$RegularSetBuilderImpl                    : loaded 2 times (x 75B)
Class org.gradle.internal.service.CachingServiceLocator                               : loaded 2 times (x 80B)
Class [Lcom.google.common.collect.ImmutableEntry;                                     : loaded 2 times (x 67B)
Class org.gradle.internal.classpath.DefaultClassPath                                  : loaded 2 times (x 88B)
Class com.google.common.base.Splitter$SplittingIterator                               : loaded 2 times (x 82B)
Class com.google.common.cache.LocalCache$LocalManualCache$1                           : loaded 2 times (x 73B)
Class [Lcom.google.common.cache.LocalCache$EntryFactory;                              : loaded 2 times (x 67B)
Class com.google.common.base.CharMatcher$Is                                           : loaded 2 times (x 109B)
Class com.google.common.collect.RegularImmutableAsList                                : loaded 2 times (x 176B)
Class com.google.common.collect.PeekingIterator                                       : loaded 2 times (x 68B)
Class com.google.common.collect.ImmutableMapEntrySet                                  : loaded 2 times (x 149B)
Class com.google.common.cache.CacheLoader                                             : loaded 2 times (x 72B)
Class com.google.common.collect.ImmutableBiMapFauxverideShim                          : loaded 2 times (x 118B)
Class com.google.common.cache.Cache                                                   : loaded 2 times (x 68B)
Class org.gradle.internal.classloader.SystemClassLoaderSpec                           : loaded 2 times (x 69B)
Class com.google.common.collect.SingletonImmutableSet                                 : loaded 2 times (x 144B)
Class [Lcom.google.common.base.AbstractIterator$State;                                : loaded 2 times (x 67B)
Class com.google.common.collect.ImmutableMap$Builder                                  : loaded 2 times (x 80B)
Class com.google.common.base.AbstractIterator                                         : loaded 2 times (x 78B)
Class com.google.common.base.AbstractIterator$1                                       : loaded 2 times (x 69B)
Class [Lcom.google.common.cache.CacheBuilder$OneWeigher;                              : loaded 2 times (x 67B)
Class com.google.common.collect.Iterators                                             : loaded 2 times (x 69B)
Class com.google.common.base.CharMatcher$1                                            : loaded 2 times (x 111B)
Class com.google.common.base.CharMatcher$Ascii                                        : loaded 2 times (x 110B)
Class com.google.common.cache.LocalCache$ComputingValueReference                      : loaded 2 times (x 94B)
Class org.gradle.api.UncheckedIOException                                             : loaded 2 times (x 80B)
Class com.google.common.base.CharMatcher$And                                          : loaded 2 times (x 110B)
Class com.google.common.collect.IndexedImmutableSet                                   : loaded 2 times (x 148B)
Class com.google.common.collect.AbstractListMultimap                                  : loaded 2 times (x 170B)
Class com.google.common.base.CharMatcher$Any                                          : loaded 2 times (x 110B)
Class org.gradle.internal.installation.GradleInstallation                             : loaded 2 times (x 73B)
Class com.google.common.cache.LocalCache$Strength                                     : loaded 2 times (x 79B)
Class com.google.common.collect.ArrayListMultimapGwtSerializationDependencies         : loaded 2 times (x 170B)
Class com.google.common.base.CharMatcher$RangesMatcher                                : loaded 2 times (x 110B)
Class com.google.common.collect.ImmutableList$SubList                                 : loaded 2 times (x 168B)
Class com.google.common.cache.LocalCache$ValueReference                               : loaded 2 times (x 68B)
Class org.gradle.internal.classloader.ClasspathUtil                                   : loaded 2 times (x 69B)
Class com.google.common.base.Splitter$1                                               : loaded 2 times (x 75B)
Class com.google.common.base.Ticker$1                                                 : loaded 2 times (x 70B)
Class com.google.common.collect.Maps$BiMapConverter                                   : loaded 2 times (x 88B)
Class org.gradle.api.internal.DefaultClassPathRegistry                                : loaded 2 times (x 74B)
Class com.google.common.collect.ImmutableSet$SetBuilderImpl                           : loaded 2 times (x 74B)
Class org.gradle.api.internal.classpath.DefaultModuleRegistry$DefaultModule           : loaded 2 times (x 84B)
Class com.google.common.base.CharMatcher$JavaIsoControl                               : loaded 2 times (x 110B)
Class com.google.common.collect.ImmutableMap$1                                        : loaded 2 times (x 79B)
Class com.google.common.base.CharMatcher$Or                                           : loaded 2 times (x 110B)
Class com.google.common.base.Suppliers$SupplierOfInstance                             : loaded 2 times (x 77B)
Class com.google.common.collect.Iterables                                             : loaded 2 times (x 69B)
Class com.google.common.base.CharMatcher$JavaLowerCase                                : loaded 2 times (x 109B)
Class org.gradle.api.internal.classpath.UnknownModuleException                        : loaded 2 times (x 80B)
Class com.google.common.collect.Maps$EntryTransformer                                 : loaded 2 times (x 68B)
Class com.google.common.collect.ImmutableCollection$Builder                           : loaded 2 times (x 74B)
Class com.google.common.base.CommonPattern                                            : loaded 2 times (x 72B)
Class com.google.common.base.Suppliers                                                : loaded 2 times (x 69B)
Class com.google.common.cache.LoadingCache                                            : loaded 2 times (x 68B)
Class org.gradle.internal.service.ServiceLookupException                              : loaded 2 times (x 80B)
Class org.gradle.cache.GlobalCache                                                    : loaded 2 times (x 68B)
Class com.google.common.base.CharMatcher$NegatedFastMatcher                           : loaded 2 times (x 111B)
Class [Lorg.gradle.api.internal.ClassPathProvider;                                    : loaded 2 times (x 67B)
Class org.gradle.util.internal.GUtil                                                  : loaded 2 times (x 69B)
Class com.google.common.math.IntMath                                                  : loaded 2 times (x 69B)
Class com.google.common.collect.AbstractIterator                                      : loaded 2 times (x 80B)
Class org.gradle.internal.classloader.ClassLoaderSpec                                 : loaded 2 times (x 69B)
Class com.google.common.base.NullnessCasts                                            : loaded 2 times (x 69B)
Class com.google.common.cache.LocalCache$LocalManualCache                             : loaded 2 times (x 97B)
Class com.google.common.collect.AbstractMapEntry                                      : loaded 2 times (x 79B)
Class com.google.common.base.CharMatcher$Negated                                      : loaded 2 times (x 111B)
Class com.google.common.cache.CacheLoader$1                                           : loaded 2 times (x 73B)
Class com.google.common.collect.ImmutableSet$Builder                                  : loaded 2 times (x 83B)
Class com.google.common.base.CharMatcher$ForPredicate                                 : loaded 2 times (x 110B)
Class com.google.common.collect.ImmutableMap$MapViewOfValuesAsSingletonSets           : loaded 2 times (x 123B)
Class com.google.common.base.MoreObjects                                              : loaded 2 times (x 69B)
Class com.google.common.collect.SortedMapDifference                                   : loaded 2 times (x 68B)
Class com.google.common.cache.CacheStats                                              : loaded 2 times (x 69B)
Class org.gradle.internal.classloader.VisitableURLClassLoader                         : loaded 2 times (x 114B)
Class com.google.common.cache.LocalCache$LocalLoadingCache                            : loaded 2 times (x 132B)
Class com.google.common.base.Supplier                                                 : loaded 2 times (x 68B)
Class com.google.common.collect.ImmutableBiMap                                        : loaded 2 times (x 141B)
Class org.gradle.internal.Cast                                                        : loaded 2 times (x 69B)
Class org.gradle.api.internal.ClassPathRegistry                                       : loaded 2 times (x 68B)
Class com.google.common.cache.LocalCache$EntryFactory                                 : loaded 2 times (x 81B)
Class com.google.common.util.concurrent.UncheckedExecutionException                   : loaded 2 times (x 80B)
Class com.google.common.collect.ImmutableSet                                          : loaded 2 times (x 143B)
Class org.gradle.internal.classloader.VisitableURLClassLoader$InstrumentingVisitableURLClassLoader: loaded 2 times (x 120B)
Class org.gradle.internal.classloader.ClassLoaderHierarchy                            : loaded 2 times (x 68B)
Class com.google.common.base.AbstractIterator$State                                   : loaded 2 times (x 77B)
Class com.google.common.cache.Weigher                                                 : loaded 2 times (x 68B)
Class com.google.common.base.CharMatcher$NamedFastMatcher                             : loaded 2 times (x 110B)
Class org.gradle.internal.InternalTransformer                                         : loaded 2 times (x 68B)
Class org.gradle.internal.service.ServiceLocator                                      : loaded 2 times (x 68B)
Class Settings_gradle$1                                                               : loaded 2 times (x 72B)
Class com.google.common.collect.ImmutableMapEntry                                     : loaded 2 times (x 83B)
Class com.google.common.base.CharMatcher$Invisible                                    : loaded 2 times (x 110B)
Class com.google.common.base.CharMatcher$FastMatcher                                  : loaded 2 times (x 109B)
Class org.gradle.internal.classpath.DefaultClassPath$ImmutableUniqueList              : loaded 2 times (x 159B)
Class com.google.common.base.CharMatcher$JavaLetter                                   : loaded 2 times (x 109B)
Class org.gradle.internal.classpath.TransformedClassPath                              : loaded 2 times (x 94B)
Class com.google.common.collect.MapDifference                                         : loaded 2 times (x 68B)
Class Settings_gradle                                                                 : loaded 2 times (x 126B)
Class com.google.common.collect.Platform                                              : loaded 2 times (x 69B)
Class com.google.common.collect.ImmutableAsList                                       : loaded 2 times (x 169B)
Class com.google.common.util.concurrent.ExecutionError                                : loaded 2 times (x 80B)
Class com.google.common.base.Equivalence$Identity                                     : loaded 2 times (x 80B)
Class com.google.common.base.CharMatcher$AnyOf                                        : loaded 2 times (x 110B)
Class com.google.common.base.CharMatcher$IsEither                                     : loaded 2 times (x 109B)
Class com.google.common.cache.LocalCache                                              : loaded 2 times (x 185B)
Class com.google.common.collect.RegularImmutableList                                  : loaded 2 times (x 172B)
Class com.google.common.base.CharMatcher$JavaUpperCase                                : loaded 2 times (x 109B)
Class com.google.common.collect.Multiset                                              : loaded 2 times (x 68B)
Class com.google.common.collect.ImmutableSet$CachingAsList                            : loaded 2 times (x 145B)
Class com.google.common.collect.ImmutableMapEntry$NonTerminalImmutableMapEntry        : loaded 2 times (x 83B)
Class com.google.common.collect.AbstractMapBasedMultimap                              : loaded 2 times (x 137B)


---------------  S Y S T E M  ---------------

OS:
 Windows 10 , 64 bit Build 19041 (10.0.19041.3636)
OS uptime: 0 days 18:37 hours

CPU: total 8 (initial active 8) (4 cores per cpu, 2 threads per core) family 6 model 142 stepping 11 microcode 0xf0, cx8, cmov, fxsr, ht, mmx, 3dnowpref, sse, sse2, sse3, ssse3, sse4.1, sse4.2, popcnt, lzcnt, tsc, tscinvbit, avx, avx2, aes, erms, clmul, bmi1, bmi2, adx, fma, vzeroupper, clflush, clflushopt

Memory: 4k page, system-wide physical 3906M (46M free)
TotalPageFile size 15682M (AvailPageFile size 5M)
current process WorkingSet (physical memory assigned to process): 193M, peak: 210M
current process commit charge ("private bytes"): 450M, peak: 453M

vm_info: OpenJDK 64-Bit Server VM (17.0.7+0-b2043.56-10550314) for windows-amd64 JRE (17.0.7+0-b2043.56-10550314), built on Jul 24 2023 18:27:45 by "androidbuild" with MS VC++ 16.10 / 16.11 (VS2019)

END.
